<?xml version="1.0" encoding="UTF-8"?>
<testsuite xmlns:xsi="http://www.w3.org/2001/XMLSchema-instance" xsi:noNamespaceSchemaLocation="https://maven.apache.org/surefire/maven-surefire-plugin/xsd/surefire-test-report.xsd" name="hello.HelloControllerTest" time="6.218" tests="1" errors="0" skipped="0" failures="1">
  <properties>
[...]
</properties>
  <testcase name="getHello" classname="hello.HelloControllerTest" time="0.224">
    <failure message="Status expected:&lt;200&gt; but was:&lt;404&gt;" type="java.lang.AssertionError"><![CDATA[java.lang.AssertionError: Status expected:<200> but was:<404>
	at hello.HelloControllerTest.getHello(HelloControllerTest.java:28)
]]></failure>
    <system-out><![CDATA[18:54:51.451 [main] DEBUG org.springframework.test.context.junit4.SpringJUnit4ClassRunner - SpringJUnit4ClassRunner constructor called with [class hello.HelloControllerTest]
18:54:51.467 [main] DEBUG org.springframework.test.context.BootstrapUtils - Instantiating CacheAwareContextLoaderDelegate from class [org.springframework.test.context.cache.DefaultCacheAwareContextLoaderDelegate]
18:54:51.475 [main] DEBUG org.springframework.test.context.BootstrapUtils - Instantiating BootstrapContext using constructor [public org.springframework.test.context.support.DefaultBootstrapContext(java.lang.Class,org.springframework.test.context.CacheAwareContextLoaderDelegate)]
18:54:51.551 [main] DEBUG org.springframework.test.context.BootstrapUtils - Instantiating TestContextBootstrapper for test class [hello.HelloControllerTest] from class [org.springframework.boot.test.context.SpringBootTestContextBootstrapper]
18:54:51.577 [main] INFO org.springframework.boot.test.context.SpringBootTestContextBootstrapper - Neither @ContextConfiguration nor @ContextHierarchy found for test class [hello.HelloControllerTest], using SpringBootContextLoader
18:54:51.590 [main] DEBUG org.springframework.test.context.support.AbstractContextLoader - Did not detect default resource location for test class [hello.HelloControllerTest]: class path resource [hello/HelloControllerTest-context.xml] does not exist
18:54:51.597 [main] DEBUG org.springframework.test.context.support.AbstractContextLoader - Did not detect default resource location for test class [hello.HelloControllerTest]: class path resource [hello/HelloControllerTestContext.groovy] does not exist
18:54:51.598 [main] INFO org.springframework.test.context.support.AbstractContextLoader - Could not detect default resource locations for test class [hello.HelloControllerTest]: no resource found for suffixes {-context.xml, Context.groovy}.
18:54:51.600 [main] INFO org.springframework.test.context.support.AnnotationConfigContextLoaderUtils - Could not detect default configuration classes for test class [hello.HelloControllerTest]: HelloControllerTest does not declare any static, non-private, non-final, nested classes annotated with @Configuration.
18:54:51.689 [main] DEBUG org.springframework.test.context.support.ActiveProfilesUtils - Could not find an 'annotation declaring class' for annotation type [org.springframework.test.context.ActiveProfiles] and class [hello.HelloControllerTest]
18:54:51.697 [main] DEBUG org.springframework.core.env.StandardEnvironment - Adding PropertySource 'systemProperties' with lowest search precedence
18:54:51.698 [main] DEBUG org.springframework.core.env.StandardEnvironment - Adding PropertySource 'systemEnvironment' with lowest search precedence
18:54:51.699 [main] DEBUG org.springframework.core.env.StandardEnvironment - Initialized StandardEnvironment with PropertySources [MapPropertySource@1408974251 {name='systemProperties', properties={sun.desktop=gnome, awt.toolkit=sun.awt.X11.XToolkit, java.specification.version=10, file.encoding.pkg=sun.io, sun.cpu.isalist=, sun.jnu.encoding=UTF-8, java.class.path=/home/claudiu/git/gs-spring-boot/complete/target/test-classes:/home/claudiu/git/gs-spring-boot/complete/target/classes:/home/claudiu/.m2/repository/org/springframework/boot/spring-boot-starter-web/2.0.5.RELEASE/spring-boot-starter-web-2.0.5.RELEASE.jar:/home/claudiu/.m2/repository/org/springframework/boot/spring-boot-starter/2.0.5.RELEASE/spring-boot-starter-2.0.5.RELEASE.jar:/home/claudiu/.m2/repository/org/springframework/boot/spring-boot/2.0.5.RELEASE/spring-boot-2.0.5.RELEASE.jar:/home/claudiu/.m2/repository/org/springframework/boot/spring-boot-autoconfigure/2.0.5.RELEASE/spring-boot-autoconfigure-2.0.5.RELEASE.jar:/home/claudiu/.m2/repository/org/springframework/boot/spring-boot-starter-logging/2.0.5.RELEASE/spring-boot-starter-logging-2.0.5.RELEASE.jar:/home/claudiu/.m2/repository/ch/qos/logback/logback-classic/1.2.3/logback-classic-1.2.3.jar:/home/claudiu/.m2/repository/ch/qos/logback/logback-core/1.2.3/logback-core-1.2.3.jar:/home/claudiu/.m2/repository/org/apache/logging/log4j/log4j-to-slf4j/2.10.0/log4j-to-slf4j-2.10.0.jar:/home/claudiu/.m2/repository/org/apache/logging/log4j/log4j-api/2.10.0/log4j-api-2.10.0.jar:/home/claudiu/.m2/repository/org/slf4j/jul-to-slf4j/1.7.25/jul-to-slf4j-1.7.25.jar:/home/claudiu/.m2/repository/javax/annotation/javax.annotation-api/1.3.2/javax.annotation-api-1.3.2.jar:/home/claudiu/.m2/repository/org/yaml/snakeyaml/1.19/snakeyaml-1.19.jar:/home/claudiu/.m2/repository/org/springframework/boot/spring-boot-starter-json/2.0.5.RELEASE/spring-boot-starter-json-2.0.5.RELEASE.jar:/home/claudiu/.m2/repository/com/fasterxml/jackson/datatype/jackson-datatype-jdk8/2.9.6/jackson-datatype-jdk8-2.9.6.jar:/home/claudiu/.m2/repository/com/fasterxml/jackson/datatype/jackson-datatype-jsr310/2.9.6/jackson-datatype-jsr310-2.9.6.jar:/home/claudiu/.m2/repository/com/fasterxml/jackson/module/jackson-module-parameter-names/2.9.6/jackson-module-parameter-names-2.9.6.jar:/home/claudiu/.m2/repository/org/springframework/boot/spring-boot-starter-tomcat/2.0.5.RELEASE/spring-boot-starter-tomcat-2.0.5.RELEASE.jar:/home/claudiu/.m2/repository/org/apache/tomcat/embed/tomcat-embed-core/8.5.34/tomcat-embed-core-8.5.34.jar:/home/claudiu/.m2/repository/org/apache/tomcat/embed/tomcat-embed-el/8.5.34/tomcat-embed-el-8.5.34.jar:/home/claudiu/.m2/repository/org/apache/tomcat/embed/tomcat-embed-websocket/8.5.34/tomcat-embed-websocket-8.5.34.jar:/home/claudiu/.m2/repository/org/hibernate/validator/hibernate-validator/6.0.12.Final/hibernate-validator-6.0.12.Final.jar:/home/claudiu/.m2/repository/javax/validation/validation-api/2.0.1.Final/validation-api-2.0.1.Final.jar:/home/claudiu/.m2/repository/org/jboss/logging/jboss-logging/3.3.2.Final/jboss-logging-3.3.2.Final.jar:/home/claudiu/.m2/repository/com/fasterxml/classmate/1.3.4/classmate-1.3.4.jar:/home/claudiu/.m2/repository/org/springframework/spring-web/5.0.9.RELEASE/spring-web-5.0.9.RELEASE.jar:/home/claudiu/.m2/repository/org/springframework/spring-beans/5.0.9.RELEASE/spring-beans-5.0.9.RELEASE.jar:/home/claudiu/.m2/repository/org/springframework/spring-webmvc/5.0.9.RELEASE/spring-webmvc-5.0.9.RELEASE.jar:/home/claudiu/.m2/repository/org/springframework/spring-aop/5.0.9.RELEASE/spring-aop-5.0.9.RELEASE.jar:/home/claudiu/.m2/repository/org/springframework/spring-context/5.0.9.RELEASE/spring-context-5.0.9.RELEASE.jar:/home/claudiu/.m2/repository/org/springframework/spring-expression/5.0.9.RELEASE/spring-expression-5.0.9.RELEASE.jar:/home/claudiu/.m2/repository/org/springframework/boot/spring-boot-starter-actuator/2.0.5.RELEASE/spring-boot-starter-actuator-2.0.5.RELEASE.jar:/home/claudiu/.m2/repository/org/springframework/boot/spring-boot-actuator-autoconfigure/2.0.5.RELEASE/spring-boot-actuator-autoconfigure-2.0.5.RELEASE.jar:/home/claudiu/.m2/repository/org/springframework/boot/spring-boot-actuator/2.0.5.RELEASE/spring-boot-actuator-2.0.5.RELEASE.jar:/home/claudiu/.m2/repository/io/micrometer/micrometer-core/1.0.6/micrometer-core-1.0.6.jar:/home/claudiu/.m2/repository/org/hdrhistogram/HdrHistogram/2.1.10/HdrHistogram-2.1.10.jar:/home/claudiu/.m2/repository/org/latencyutils/LatencyUtils/2.0.3/LatencyUtils-2.0.3.jar:/home/claudiu/.m2/repository/org/springframework/boot/spring-boot-starter-test/2.0.5.RELEASE/spring-boot-starter-test-2.0.5.RELEASE.jar:/home/claudiu/.m2/repository/org/springframework/boot/spring-boot-test/2.0.5.RELEASE/spring-boot-test-2.0.5.RELEASE.jar:/home/claudiu/.m2/repository/org/springframework/boot/spring-boot-test-autoconfigure/2.0.5.RELEASE/spring-boot-test-autoconfigure-2.0.5.RELEASE.jar:/home/claudiu/.m2/repository/com/jayway/jsonpath/json-path/2.4.0/json-path-2.4.0.jar:/home/claudiu/.m2/repository/net/minidev/json-smart/2.3/json-smart-2.3.jar:/home/claudiu/.m2/repository/net/minidev/accessors-smart/1.2/accessors-smart-1.2.jar:/home/claudiu/.m2/repository/junit/junit/4.12/junit-4.12.jar:/home/claudiu/.m2/repository/org/assertj/assertj-core/3.9.1/assertj-core-3.9.1.jar:/home/claudiu/.m2/repository/org/mockito/mockito-core/2.15.0/mockito-core-2.15.0.jar:/home/claudiu/.m2/repository/net/bytebuddy/byte-buddy/1.7.11/byte-buddy-1.7.11.jar:/home/claudiu/.m2/repository/net/bytebuddy/byte-buddy-agent/1.7.11/byte-buddy-agent-1.7.11.jar:/home/claudiu/.m2/repository/org/objenesis/objenesis/2.6/objenesis-2.6.jar:/home/claudiu/.m2/repository/org/hamcrest/hamcrest-core/1.3/hamcrest-core-1.3.jar:/home/claudiu/.m2/repository/org/hamcrest/hamcrest-library/1.3/hamcrest-library-1.3.jar:/home/claudiu/.m2/repository/org/skyscreamer/jsonassert/1.5.0/jsonassert-1.5.0.jar:/home/claudiu/.m2/repository/com/vaadin/external/google/android-json/0.0.20131108.vaadin1/android-json-0.0.20131108.vaadin1.jar:/home/claudiu/.m2/repository/org/springframework/spring-core/5.0.9.RELEASE/spring-core-5.0.9.RELEASE.jar:/home/claudiu/.m2/repository/org/springframework/spring-jcl/5.0.9.RELEASE/spring-jcl-5.0.9.RELEASE.jar:/home/claudiu/.m2/repository/org/springframework/spring-test/5.0.9.RELEASE/spring-test-5.0.9.RELEASE.jar:/home/claudiu/.m2/repository/org/xmlunit/xmlunit-core/2.5.1/xmlunit-core-2.5.1.jar:/home/claudiu/.m2/repository/com/github/tomakehurst/wiremock-jre8/2.21.0/wiremock-jre8-2.21.0.jar:/home/claudiu/.m2/repository/org/eclipse/jetty/jetty-server/9.4.12.v20180830/jetty-server-9.4.12.v20180830.jar:/home/claudiu/.m2/repository/javax/servlet/javax.servlet-api/3.1.0/javax.servlet-api-3.1.0.jar:/home/claudiu/.m2/repository/org/eclipse/jetty/jetty-http/9.4.12.v20180830/jetty-http-9.4.12.v20180830.jar:/home/claudiu/.m2/repository/org/eclipse/jetty/jetty-io/9.4.12.v20180830/jetty-io-9.4.12.v20180830.jar:/home/claudiu/.m2/repository/org/eclipse/jetty/jetty-servlet/9.4.12.v20180830/jetty-servlet-9.4.12.v20180830.jar:/home/claudiu/.m2/repository/org/eclipse/jetty/jetty-security/9.4.12.v20180830/jetty-security-9.4.12.v20180830.jar:/home/claudiu/.m2/repository/org/eclipse/jetty/jetty-servlets/9.4.12.v20180830/jetty-servlets-9.4.12.v20180830.jar:/home/claudiu/.m2/repository/org/eclipse/jetty/jetty-continuation/9.4.12.v20180830/jetty-continuation-9.4.12.v20180830.jar:/home/claudiu/.m2/repository/org/eclipse/jetty/jetty-util/9.4.12.v20180830/jetty-util-9.4.12.v20180830.jar:/home/claudiu/.m2/repository/org/eclipse/jetty/jetty-webapp/9.4.12.v20180830/jetty-webapp-9.4.12.v20180830.jar:/home/claudiu/.m2/repository/org/eclipse/jetty/jetty-xml/9.4.12.v20180830/jetty-xml-9.4.12.v20180830.jar:/home/claudiu/.m2/repository/com/google/guava/guava/27.0.1-jre/guava-27.0.1-jre.jar:/home/claudiu/.m2/repository/com/google/guava/failureaccess/1.0.1/failureaccess-1.0.1.jar:/home/claudiu/.m2/repository/com/google/guava/listenablefuture/9999.0-empty-to-avoid-conflict-with-guava/listenablefuture-9999.0-empty-to-avoid-conflict-with-guava.jar:/home/claudiu/.m2/repository/com/google/code/findbugs/jsr305/3.0.2/jsr305-3.0.2.jar:/home/claudiu/.m2/repository/org/checkerframework/checker-qual/2.5.2/checker-qual-2.5.2.jar:/home/claudiu/.m2/repository/com/google/errorprone/error_prone_annotations/2.2.0/error_prone_annotations-2.2.0.jar:/home/claudiu/.m2/repository/com/google/j2objc/j2objc-annotations/1.1/j2objc-annotations-1.1.jar:/home/claudiu/.m2/repository/org/codehaus/mojo/animal-sniffer-annotations/1.17/animal-sniffer-annotations-1.17.jar:/home/claudiu/.m2/repository/com/fasterxml/jackson/core/jackson-core/2.9.6/jackson-core-2.9.6.jar:/home/claudiu/.m2/repository/com/fasterxml/jackson/core/jackson-annotations/2.9.0/jackson-annotations-2.9.0.jar:/home/claudiu/.m2/repository/com/fasterxml/jackson/core/jackson-databind/2.9.6/jackson-databind-2.9.6.jar:/home/claudiu/.m2/repository/org/apache/httpcomponents/httpclient/4.5.6/httpclient-4.5.6.jar:/home/claudiu/.m2/repository/org/apache/httpcomponents/httpcore/4.4.10/httpcore-4.4.10.jar:/home/claudiu/.m2/repository/commons-codec/commons-codec/1.11/commons-codec-1.11.jar:/home/claudiu/.m2/repository/org/xmlunit/xmlunit-legacy/2.5.1/xmlunit-legacy-2.5.1.jar:/home/claudiu/.m2/repository/org/ow2/asm/asm/7.0/asm-7.0.jar:/home/claudiu/.m2/repository/org/slf4j/slf4j-api/1.7.25/slf4j-api-1.7.25.jar:/home/claudiu/.m2/repository/net/sf/jopt-simple/jopt-simple/5.0.3/jopt-simple-5.0.3.jar:/home/claudiu/.m2/repository/org/apache/commons/commons-lang3/3.7/commons-lang3-3.7.jar:/home/claudiu/.m2/repository/com/flipkart/zjsonpatch/zjsonpatch/0.4.4/zjsonpatch-0.4.4.jar:/home/claudiu/.m2/repository/com/github/jknack/handlebars/4.1.2/handlebars-4.1.2.jar:/home/claudiu/.m2/repository/com/github/jknack/handlebars-helpers/4.1.2/handlebars-helpers-4.1.2.jar:, java.vm.vendor=Oracle Corporation, sun.arch.data.model=64, java.vendor.url=http://java.oracle.com/, user.timezone=Europe/Istanbul, os.name=Linux, java.vm.specification.version=10, sun.java.launcher=SUN_STANDARD, user.country=US, sun.boot.library.path=/usr/lib/jvm/java-11-openjdk-amd64/lib, sun.java.command=/home/claudiu/git/gs-spring-boot/complete/target/surefire/surefirebooter9033634326871064062.jar /home/claudiu/git/gs-spring-boot/complete/target/surefire 2019-02-27T18-54-49_416-jvmRun1 surefire18322283700785452573tmp surefire_014682947256667474186tmp, jdk.debug=release, surefire.test.class.path=/home/claudiu/git/gs-spring-boot/complete/target/test-classes:/home/claudiu/git/gs-spring-boot/complete/target/classes:/home/claudiu/.m2/repository/org/springframework/boot/spring-boot-starter-web/2.0.5.RELEASE/spring-boot-starter-web-2.0.5.RELEASE.jar:/home/claudiu/.m2/repository/org/springframework/boot/spring-boot-starter/2.0.5.RELEASE/spring-boot-starter-2.0.5.RELEASE.jar:/home/claudiu/.m2/repository/org/springframework/boot/spring-boot/2.0.5.RELEASE/spring-boot-2.0.5.RELEASE.jar:/home/claudiu/.m2/repository/org/springframework/boot/spring-boot-autoconfigure/2.0.5.RELEASE/spring-boot-autoconfigure-2.0.5.RELEASE.jar:/home/claudiu/.m2/repository/org/springframework/boot/spring-boot-starter-logging/2.0.5.RELEASE/spring-boot-starter-logging-2.0.5.RELEASE.jar:/home/claudiu/.m2/repository/ch/qos/logback/logback-classic/1.2.3/logback-classic-1.2.3.jar:/home/claudiu/.m2/repository/ch/qos/logback/logback-core/1.2.3/logback-core-1.2.3.jar:/home/claudiu/.m2/repository/org/apache/logging/log4j/log4j-to-slf4j/2.10.0/log4j-to-slf4j-2.10.0.jar:/home/claudiu/.m2/repository/org/apache/logging/log4j/log4j-api/2.10.0/log4j-api-2.10.0.jar:/home/claudiu/.m2/repository/org/slf4j/jul-to-slf4j/1.7.25/jul-to-slf4j-1.7.25.jar:/home/claudiu/.m2/repository/javax/annotation/javax.annotation-api/1.3.2/javax.annotation-api-1.3.2.jar:/home/claudiu/.m2/repository/org/yaml/snakeyaml/1.19/snakeyaml-1.19.jar:/home/claudiu/.m2/repository/org/springframework/boot/spring-boot-starter-json/2.0.5.RELEASE/spring-boot-starter-json-2.0.5.RELEASE.jar:/home/claudiu/.m2/repository/com/fasterxml/jackson/datatype/jackson-datatype-jdk8/2.9.6/jackson-datatype-jdk8-2.9.6.jar:/home/claudiu/.m2/repository/com/fasterxml/jackson/datatype/jackson-datatype-jsr310/2.9.6/jackson-datatype-jsr310-2.9.6.jar:/home/claudiu/.m2/repository/com/fasterxml/jackson/module/jackson-module-parameter-names/2.9.6/jackson-module-parameter-names-2.9.6.jar:/home/claudiu/.m2/repository/org/springframework/boot/spring-boot-starter-tomcat/2.0.5.RELEASE/spring-boot-starter-tomcat-2.0.5.RELEASE.jar:/home/claudiu/.m2/repository/org/apache/tomcat/embed/tomcat-embed-core/8.5.34/tomcat-embed-core-8.5.34.jar:/home/claudiu/.m2/repository/org/apache/tomcat/embed/tomcat-embed-el/8.5.34/tomcat-embed-el-8.5.34.jar:/home/claudiu/.m2/repository/org/apache/tomcat/embed/tomcat-embed-websocket/8.5.34/tomcat-embed-websocket-8.5.34.jar:/home/claudiu/.m2/repository/org/hibernate/validator/hibernate-validator/6.0.12.Final/hibernate-validator-6.0.12.Final.jar:/home/claudiu/.m2/repository/javax/validation/validation-api/2.0.1.Final/validation-api-2.0.1.Final.jar:/home/claudiu/.m2/repository/org/jboss/logging/jboss-logging/3.3.2.Final/jboss-logging-3.3.2.Final.jar:/home/claudiu/.m2/repository/com/fasterxml/classmate/1.3.4/classmate-1.3.4.jar:/home/claudiu/.m2/repository/org/springframework/spring-web/5.0.9.RELEASE/spring-web-5.0.9.RELEASE.jar:/home/claudiu/.m2/repository/org/springframework/spring-beans/5.0.9.RELEASE/spring-beans-5.0.9.RELEASE.jar:/home/claudiu/.m2/repository/org/springframework/spring-webmvc/5.0.9.RELEASE/spring-webmvc-5.0.9.RELEASE.jar:/home/claudiu/.m2/repository/org/springframework/spring-aop/5.0.9.RELEASE/spring-aop-5.0.9.RELEASE.jar:/home/claudiu/.m2/repository/org/springframework/spring-context/5.0.9.RELEASE/spring-context-5.0.9.RELEASE.jar:/home/claudiu/.m2/repository/org/springframework/spring-expression/5.0.9.RELEASE/spring-expression-5.0.9.RELEASE.jar:/home/claudiu/.m2/repository/org/springframework/boot/spring-boot-starter-actuator/2.0.5.RELEASE/spring-boot-starter-actuator-2.0.5.RELEASE.jar:/home/claudiu/.m2/repository/org/springframework/boot/spring-boot-actuator-autoconfigure/2.0.5.RELEASE/spring-boot-actuator-autoconfigure-2.0.5.RELEASE.jar:/home/claudiu/.m2/repository/org/springframework/boot/spring-boot-actuator/2.0.5.RELEASE/spring-boot-actuator-2.0.5.RELEASE.jar:/home/claudiu/.m2/repository/io/micrometer/micrometer-core/1.0.6/micrometer-core-1.0.6.jar:/home/claudiu/.m2/repository/org/hdrhistogram/HdrHistogram/2.1.10/HdrHistogram-2.1.10.jar:/home/claudiu/.m2/repository/org/latencyutils/LatencyUtils/2.0.3/LatencyUtils-2.0.3.jar:/home/claudiu/.m2/repository/org/springframework/boot/spring-boot-starter-test/2.0.5.RELEASE/spring-boot-starter-test-2.0.5.RELEASE.jar:/home/claudiu/.m2/repository/org/springframework/boot/spring-boot-test/2.0.5.RELEASE/spring-boot-test-2.0.5.RELEASE.jar:/home/claudiu/.m2/repository/org/springframework/boot/spring-boot-test-autoconfigure/2.0.5.RELEASE/spring-boot-test-autoconfigure-2.0.5.RELEASE.jar:/home/claudiu/.m2/repository/com/jayway/jsonpath/json-path/2.4.0/json-path-2.4.0.jar:/home/claudiu/.m2/repository/net/minidev/json-smart/2.3/json-smart-2.3.jar:/home/claudiu/.m2/repository/net/minidev/accessors-smart/1.2/accessors-smart-1.2.jar:/home/claudiu/.m2/repository/junit/junit/4.12/junit-4.12.jar:/home/claudiu/.m2/repository/org/assertj/assertj-core/3.9.1/assertj-core-3.9.1.jar:/home/claudiu/.m2/repository/org/mockito/mockito-core/2.15.0/mockito-core-2.15.0.jar:/home/claudiu/.m2/repository/net/bytebuddy/byte-buddy/1.7.11/byte-buddy-1.7.11.jar:/home/claudiu/.m2/repository/net/bytebuddy/byte-buddy-agent/1.7.11/byte-buddy-agent-1.7.11.jar:/home/claudiu/.m2/repository/org/objenesis/objenesis/2.6/objenesis-2.6.jar:/home/claudiu/.m2/repository/org/hamcrest/hamcrest-core/1.3/hamcrest-core-1.3.jar:/home/claudiu/.m2/repository/org/hamcrest/hamcrest-library/1.3/hamcrest-library-1.3.jar:/home/claudiu/.m2/repository/org/skyscreamer/jsonassert/1.5.0/jsonassert-1.5.0.jar:/home/claudiu/.m2/repository/com/vaadin/external/google/android-json/0.0.20131108.vaadin1/android-json-0.0.20131108.vaadin1.jar:/home/claudiu/.m2/repository/org/springframework/spring-core/5.0.9.RELEASE/spring-core-5.0.9.RELEASE.jar:/home/claudiu/.m2/repository/org/springframework/spring-jcl/5.0.9.RELEASE/spring-jcl-5.0.9.RELEASE.jar:/home/claudiu/.m2/repository/org/springframework/spring-test/5.0.9.RELEASE/spring-test-5.0.9.RELEASE.jar:/home/claudiu/.m2/repository/org/xmlunit/xmlunit-core/2.5.1/xmlunit-core-2.5.1.jar:/home/claudiu/.m2/repository/com/github/tomakehurst/wiremock-jre8/2.21.0/wiremock-jre8-2.21.0.jar:/home/claudiu/.m2/repository/org/eclipse/jetty/jetty-server/9.4.12.v20180830/jetty-server-9.4.12.v20180830.jar:/home/claudiu/.m2/repository/javax/servlet/javax.servlet-api/3.1.0/javax.servlet-api-3.1.0.jar:/home/claudiu/.m2/repository/org/eclipse/jetty/jetty-http/9.4.12.v20180830/jetty-http-9.4.12.v20180830.jar:/home/claudiu/.m2/repository/org/eclipse/jetty/jetty-io/9.4.12.v20180830/jetty-io-9.4.12.v20180830.jar:/home/claudiu/.m2/repository/org/eclipse/jetty/jetty-servlet/9.4.12.v20180830/jetty-servlet-9.4.12.v20180830.jar:/home/claudiu/.m2/repository/org/eclipse/jetty/jetty-security/9.4.12.v20180830/jetty-security-9.4.12.v20180830.jar:/home/claudiu/.m2/repository/org/eclipse/jetty/jetty-servlets/9.4.12.v20180830/jetty-servlets-9.4.12.v20180830.jar:/home/claudiu/.m2/repository/org/eclipse/jetty/jetty-continuation/9.4.12.v20180830/jetty-continuation-9.4.12.v20180830.jar:/home/claudiu/.m2/repository/org/eclipse/jetty/jetty-util/9.4.12.v20180830/jetty-util-9.4.12.v20180830.jar:/home/claudiu/.m2/repository/org/eclipse/jetty/jetty-webapp/9.4.12.v20180830/jetty-webapp-9.4.12.v20180830.jar:/home/claudiu/.m2/repository/org/eclipse/jetty/jetty-xml/9.4.12.v20180830/jetty-xml-9.4.12.v20180830.jar:/home/claudiu/.m2/repository/com/google/guava/guava/27.0.1-jre/guava-27.0.1-jre.jar:/home/claudiu/.m2/repository/com/google/guava/failureaccess/1.0.1/failureaccess-1.0.1.jar:/home/claudiu/.m2/repository/com/google/guava/listenablefuture/9999.0-empty-to-avoid-conflict-with-guava/listenablefuture-9999.0-empty-to-avoid-conflict-with-guava.jar:/home/claudiu/.m2/repository/com/google/code/findbugs/jsr305/3.0.2/jsr305-3.0.2.jar:/home/claudiu/.m2/repository/org/checkerframework/checker-qual/2.5.2/checker-qual-2.5.2.jar:/home/claudiu/.m2/repository/com/google/errorprone/error_prone_annotations/2.2.0/error_prone_annotations-2.2.0.jar:/home/claudiu/.m2/repository/com/google/j2objc/j2objc-annotations/1.1/j2objc-annotations-1.1.jar:/home/claudiu/.m2/repository/org/codehaus/mojo/animal-sniffer-annotations/1.17/animal-sniffer-annotations-1.17.jar:/home/claudiu/.m2/repository/com/fasterxml/jackson/core/jackson-core/2.9.6/jackson-core-2.9.6.jar:/home/claudiu/.m2/repository/com/fasterxml/jackson/core/jackson-annotations/2.9.0/jackson-annotations-2.9.0.jar:/home/claudiu/.m2/repository/com/fasterxml/jackson/core/jackson-databind/2.9.6/jackson-databind-2.9.6.jar:/home/claudiu/.m2/repository/org/apache/httpcomponents/httpclient/4.5.6/httpclient-4.5.6.jar:/home/claudiu/.m2/repository/org/apache/httpcomponents/httpcore/4.4.10/httpcore-4.4.10.jar:/home/claudiu/.m2/repository/commons-codec/commons-codec/1.11/commons-codec-1.11.jar:/home/claudiu/.m2/repository/org/xmlunit/xmlunit-legacy/2.5.1/xmlunit-legacy-2.5.1.jar:/home/claudiu/.m2/repository/org/ow2/asm/asm/7.0/asm-7.0.jar:/home/claudiu/.m2/repository/org/slf4j/slf4j-api/1.7.25/slf4j-api-1.7.25.jar:/home/claudiu/.m2/repository/net/sf/jopt-simple/jopt-simple/5.0.3/jopt-simple-5.0.3.jar:/home/claudiu/.m2/repository/org/apache/commons/commons-lang3/3.7/commons-lang3-3.7.jar:/home/claudiu/.m2/repository/com/flipkart/zjsonpatch/zjsonpatch/0.4.4/zjsonpatch-0.4.4.jar:/home/claudiu/.m2/repository/com/github/jknack/handlebars/4.1.2/handlebars-4.1.2.jar:/home/claudiu/.m2/repository/com/github/jknack/handlebars-helpers/4.1.2/handlebars-helpers-4.1.2.jar:, sun.cpu.endian=little, user.home=/home/claudiu, user.language=en, java.specification.vendor=Oracle Corporation, java.version.date=2018-07-17, java.home=/usr/lib/jvm/java-11-openjdk-amd64, file.separator=/, basedir=/home/claudiu/git/gs-spring-boot/complete, java.vm.compressedOopsMode=Zero based, line.separator=
, java.specification.name=Java Platform API Specification, java.vm.specification.vendor=Oracle Corporation, java.awt.graphicsenv=sun.awt.X11GraphicsEnvironment, surefire.real.class.path=/home/claudiu/git/gs-spring-boot/complete/target/surefire/surefirebooter9033634326871064062.jar, sun.management.compiler=HotSpot 64-Bit Tiered Compilers, java.runtime.version=10.0.2+13-Ubuntu-1ubuntu0.18.04.4, user.name=claudiu, path.separator=:, os.version=4.15.0-45-generic, java.runtime.name=OpenJDK Runtime Environment, file.encoding=UTF-8, java.vm.name=OpenJDK 64-Bit Server VM, localRepository=/home/claudiu/.m2/repository, java.vendor.url.bug=http://bugreport.java.com/bugreport/, java.io.tmpdir=/tmp, java.version=10.0.2, user.dir=/home/claudiu/git/gs-spring-boot/complete, os.arch=amd64, java.vm.specification.name=Java Virtual Machine Specification, java.awt.printerjob=sun.print.PSPrinterJob, sun.os.patch.level=unknown, java.library.path=/usr/java/packages/lib:/usr/lib/x86_64-linux-gnu/jni:/lib/x86_64-linux-gnu:/usr/lib/x86_64-linux-gnu:/usr/lib/jni:/lib:/usr/lib, java.vendor=Oracle Corporation, java.vm.info=mixed mode, java.vm.version=10.0.2+13-Ubuntu-1ubuntu0.18.04.4, sun.io.unicode.encoding=UnicodeLittle, java.class.version=54.0}}, SystemEnvironmentPropertySource@212890971 {name='systemEnvironment', properties={PATH=/usr/local/sbin:/usr/local/bin:/usr/sbin:/usr/bin:/sbin:/bin:/usr/games:/usr/local/games:/snap/bin:/usr/lib/jvm/java-8-oracle/bin:/usr/lib/jvm/java-8-oracle/db/bin:/usr/lib/jvm/java-8-oracle/jre/bin, LC_MEASUREMENT=tr_TR.UTF-8, XAUTHORITY=/run/user/1000/gdm/Xauthority, XMODIFIERS=@im=ibus, LC_TELEPHONE=tr_TR.UTF-8, XDG_DATA_DIRS=/usr/share/ubuntu:/usr/local/share:/usr/share:/var/lib/snapd/desktop, GDMSESSION=ubuntu, LC_TIME=tr_TR.UTF-8, TEXTDOMAINDIR=/usr/share/locale/, GTK_IM_MODULE=ibus, DBUS_SESSION_BUS_ADDRESS=unix:path=/run/user/1000/bus, XDG_CURRENT_DESKTOP=ubuntu:GNOME, SSH_AGENT_PID=1098, QT4_IM_MODULE=xim, LC_PAPER=tr_TR.UTF-8, SESSION_MANAGER=local/ubu-ibm:@/tmp/.ICE-unix/1002,unix/ubu-ibm:/tmp/.ICE-unix/1002, USERNAME=claudiu, LOGNAME=claudiu, PWD=/home/claudiu/git/gs-spring-boot/complete, DERBY_HOME=/usr/lib/jvm/java-8-oracle/db, IM_CONFIG_PHASE=2, SHELL=/bin/bash, LC_ADDRESS=tr_TR.UTF-8, GIO_LAUNCHED_DESKTOP_FILE=/home/claudiu/Desktop/Eclipse.desktop, J2SDKDIR=/usr/lib/jvm/java-8-oracle, OLDPWD=/home/claudiu/git/gs-spring-boot/complete, GNOME_DESKTOP_SESSION_ID=this-is-deprecated, GTK_MODULES=gail:atk-bridge, J2REDIR=/usr/lib/jvm/java-8-oracle/jre, CLUTTER_IM_MODULE=xim, TEXTDOMAIN=im-config, XDG_SESSION_DESKTOP=ubuntu, SHLVL=0, LC_IDENTIFICATION=tr_TR.UTF-8, LC_MONETARY=tr_TR.UTF-8, OXYGEN_DISABLE_INNER_SHADOWS_HACK=1, QT_IM_MODULE=xim, JAVA_HOME=/usr/lib/jvm/java-8-oracle, XDG_CONFIG_DIRS=/etc/xdg/xdg-ubuntu:/etc/xdg, LANG=en_US.UTF-8, XDG_SESSION_ID=1, XDG_SESSION_TYPE=x11, DISPLAY=:0, LC_NAME=tr_TR.UTF-8, LIBOVERLAY_SCROLLBAR=0, GPG_AGENT_INFO=/run/user/1000/gnupg/S.gpg-agent:0:1, GDK_CORE_DEVICE_EVENTS=1, DESKTOP_SESSION=ubuntu, USER=claudiu, XDG_MENU_PREFIX=gnome-, GIO_LAUNCHED_DESKTOP_FILE_PID=10100, QT_ACCESSIBILITY=1, WINDOWPATH=1, LC_NUMERIC=tr_TR.UTF-8, SSH_AUTH_SOCK=/run/user/1000/keyring/ssh, XDG_SEAT=seat0, GNOME_SHELL_SESSION_MODE=ubuntu, XDG_VTNR=1, XDG_RUNTIME_DIR=/run/user/1000, HOME=/home/claudiu}}]
18:54:51.727 [main] DEBUG org.springframework.core.io.support.PathMatchingResourcePatternResolver - Resolved classpath location [hello/] to resources [URL [file:/home/claudiu/git/gs-spring-boot/complete/target/test-classes/hello/], URL [file:/home/claudiu/git/gs-spring-boot/complete/target/classes/hello/]]
18:54:51.728 [main] DEBUG org.springframework.core.io.support.PathMatchingResourcePatternResolver - Looking for matching resources in directory tree [/home/claudiu/git/gs-spring-boot/complete/target/test-classes/hello]
18:54:51.728 [main] DEBUG org.springframework.core.io.support.PathMatchingResourcePatternResolver - Searching directory [/home/claudiu/git/gs-spring-boot/complete/target/test-classes/hello] for files matching pattern [/home/claudiu/git/gs-spring-boot/complete/target/test-classes/hello/*.class]
18:54:51.733 [main] DEBUG org.springframework.core.io.support.PathMatchingResourcePatternResolver - Looking for matching resources in directory tree [/home/claudiu/git/gs-spring-boot/complete/target/classes/hello]
18:54:51.733 [main] DEBUG org.springframework.core.io.support.PathMatchingResourcePatternResolver - Searching directory [/home/claudiu/git/gs-spring-boot/complete/target/classes/hello] for files matching pattern [/home/claudiu/git/gs-spring-boot/complete/target/classes/hello/*.class]
18:54:51.734 [main] DEBUG org.springframework.core.io.support.PathMatchingResourcePatternResolver - Resolved location pattern [classpath*:hello/*.class] to resources [file [/home/claudiu/git/gs-spring-boot/complete/target/test-classes/hello/HelloControllerIT.class], file [/home/claudiu/git/gs-spring-boot/complete/target/test-classes/hello/HelloControllerTest.class], file [/home/claudiu/git/gs-spring-boot/complete/target/test-classes/hello/HelloControllerWMTest.class], file [/home/claudiu/git/gs-spring-boot/complete/target/classes/hello/Application.class], file [/home/claudiu/git/gs-spring-boot/complete/target/classes/hello/HelloController$Book.class], file [/home/claudiu/git/gs-spring-boot/complete/target/classes/hello/HelloController.class]]
18:54:51.868 [main] DEBUG org.springframework.context.annotation.ClassPathScanningCandidateComponentProvider - Identified candidate component class: file [/home/claudiu/git/gs-spring-boot/complete/target/classes/hello/Application.class]
18:54:51.909 [main] INFO org.springframework.boot.test.context.SpringBootTestContextBootstrapper - Found @SpringBootConfiguration hello.Application for test class hello.HelloControllerTest
18:54:52.164 [main] DEBUG org.springframework.boot.test.context.SpringBootTestContextBootstrapper - @TestExecutionListeners is not present for class [hello.HelloControllerTest]: using defaults.
18:54:52.164 [main] INFO org.springframework.boot.test.context.SpringBootTestContextBootstrapper - Loaded default TestExecutionListener class names from location [META-INF/spring.factories]: [org.springframework.boot.test.mock.mockito.MockitoTestExecutionListener, org.springframework.boot.test.mock.mockito.ResetMocksTestExecutionListener, org.springframework.boot.test.autoconfigure.restdocs.RestDocsTestExecutionListener, org.springframework.boot.test.autoconfigure.web.client.MockRestServiceServerResetTestExecutionListener, org.springframework.boot.test.autoconfigure.web.servlet.MockMvcPrintOnlyOnFailureTestExecutionListener, org.springframework.boot.test.autoconfigure.web.servlet.WebDriverTestExecutionListener, org.springframework.test.context.web.ServletTestExecutionListener, org.springframework.test.context.support.DirtiesContextBeforeModesTestExecutionListener, org.springframework.test.context.support.DependencyInjectionTestExecutionListener, org.springframework.test.context.support.DirtiesContextTestExecutionListener, org.springframework.test.context.transaction.TransactionalTestExecutionListener, org.springframework.test.context.jdbc.SqlScriptsTestExecutionListener]
18:54:52.177 [main] DEBUG org.springframework.boot.test.context.SpringBootTestContextBootstrapper - Skipping candidate TestExecutionListener [org.springframework.test.context.transaction.TransactionalTestExecutionListener] due to a missing dependency. Specify custom listener classes or make the default listener classes and their required dependencies available. Offending class: [org/springframework/transaction/TransactionDefinition]
18:54:52.178 [main] DEBUG org.springframework.boot.test.context.SpringBootTestContextBootstrapper - Skipping candidate TestExecutionListener [org.springframework.test.context.jdbc.SqlScriptsTestExecutionListener] due to a missing dependency. Specify custom listener classes or make the default listener classes and their required dependencies available. Offending class: [org/springframework/transaction/interceptor/TransactionAttribute]
18:54:52.179 [main] INFO org.springframework.boot.test.context.SpringBootTestContextBootstrapper - Using TestExecutionListeners: [org.springframework.test.context.web.ServletTestExecutionListener@58be6e8, org.springframework.test.context.support.DirtiesContextBeforeModesTestExecutionListener@7331196b, org.springframework.boot.test.mock.mockito.MockitoTestExecutionListener@3f9342d4, org.springframework.boot.test.autoconfigure.SpringBootDependencyInjectionTestExecutionListener@ab7395e, org.springframework.test.context.support.DirtiesContextTestExecutionListener@50d13246, org.springframework.boot.test.mock.mockito.ResetMocksTestExecutionListener@2bd08376, org.springframework.boot.test.autoconfigure.restdocs.RestDocsTestExecutionListener@e70f13a, org.springframework.boot.test.autoconfigure.web.client.MockRestServiceServerResetTestExecutionListener@3d3e5463, org.springframework.boot.test.autoconfigure.web.servlet.MockMvcPrintOnlyOnFailureTestExecutionListener@64a40280, org.springframework.boot.test.autoconfigure.web.servlet.WebDriverTestExecutionListener@4b40f651]
18:54:52.182 [main] DEBUG org.springframework.test.annotation.ProfileValueUtils - Retrieved @ProfileValueSourceConfiguration [null] for test class [hello.HelloControllerTest]
18:54:52.183 [main] DEBUG org.springframework.test.annotation.ProfileValueUtils - Retrieved ProfileValueSource type [class org.springframework.test.annotation.SystemProfileValueSource] for class [hello.HelloControllerTest]
18:54:52.185 [main] DEBUG org.springframework.test.annotation.ProfileValueUtils - Retrieved @ProfileValueSourceConfiguration [null] for test class [hello.HelloControllerTest]
18:54:52.186 [main] DEBUG org.springframework.test.annotation.ProfileValueUtils - Retrieved ProfileValueSource type [class org.springframework.test.annotation.SystemProfileValueSource] for class [hello.HelloControllerTest]
18:54:52.187 [main] DEBUG org.springframework.test.annotation.ProfileValueUtils - Retrieved @ProfileValueSourceConfiguration [null] for test class [hello.HelloControllerTest]
18:54:52.187 [main] DEBUG org.springframework.test.annotation.ProfileValueUtils - Retrieved ProfileValueSource type [class org.springframework.test.annotation.SystemProfileValueSource] for class [hello.HelloControllerTest]
18:54:52.193 [main] DEBUG org.springframework.test.context.support.AbstractDirtiesContextTestExecutionListener - Before test class: context [DefaultTestContext@4b79ac84 testClass = HelloControllerTest, testInstance = [null], testMethod = [null], testException = [null], mergedContextConfiguration = [WebMergedContextConfiguration@53941c2f testClass = HelloControllerTest, locations = '{}', classes = '{class hello.Application}', contextInitializerClasses = '[]', activeProfiles = '{}', propertySourceLocations = '{}', propertySourceProperties = '{org.springframework.boot.test.context.SpringBootTestContextBootstrapper=true}', contextCustomizers = set[[ImportsContextCustomizer@6dab9b6d key = [org.springframework.boot.test.autoconfigure.web.servlet.MockMvcAutoConfiguration, org.springframework.boot.test.autoconfigure.web.servlet.MockMvcSecurityAutoConfiguration, org.springframework.boot.test.autoconfigure.web.servlet.MockMvcWebClientAutoConfiguration, org.springframework.boot.test.autoconfigure.web.servlet.MockMvcWebDriverAutoConfiguration]], org.springframework.boot.test.context.filter.ExcludeFilterContextCustomizer@7db12bb6, org.springframework.boot.test.json.DuplicateJsonObjectContextCustomizerFactory$DuplicateJsonObjectContextCustomizer@73e9cf30, org.springframework.boot.test.mock.mockito.MockitoContextCustomizer@0, org.springframework.boot.test.web.client.TestRestTemplateContextCustomizer@537f60bf, org.springframework.boot.test.autoconfigure.properties.PropertyMappingContextCustomizer@e7e8512, org.springframework.boot.test.autoconfigure.web.servlet.WebDriverContextCustomizerFactory$Customizer@4145bad8], resourceBasePath = 'src/main/webapp', contextLoader = 'org.springframework.boot.test.context.SpringBootContextLoader', parent = [null]], attributes = map['org.springframework.test.context.web.ServletTestExecutionListener.activateListener' -> true]], class annotated with @DirtiesContext [false] with mode [null].
18:54:52.196 [main] DEBUG org.springframework.test.annotation.ProfileValueUtils - Retrieved @ProfileValueSourceConfiguration [null] for test class [hello.HelloControllerTest]
18:54:52.196 [main] DEBUG org.springframework.test.annotation.ProfileValueUtils - Retrieved ProfileValueSource type [class org.springframework.test.annotation.SystemProfileValueSource] for class [hello.HelloControllerTest]
18:54:52.221 [main] DEBUG org.springframework.core.env.StandardEnvironment - Adding PropertySource 'systemProperties' with lowest search precedence
18:54:52.222 [main] DEBUG org.springframework.core.env.StandardEnvironment - Adding PropertySource 'systemEnvironment' with lowest search precedence
18:54:52.222 [main] DEBUG org.springframework.core.env.StandardEnvironment - Initialized StandardEnvironment with PropertySources [MapPropertySource@1048434276 {name='systemProperties', properties={sun.desktop=gnome, awt.toolkit=sun.awt.X11.XToolkit, java.specification.version=10, file.encoding.pkg=sun.io, sun.cpu.isalist=, sun.jnu.encoding=UTF-8, java.class.path=/home/claudiu/git/gs-spring-boot/complete/target/test-classes:/home/claudiu/git/gs-spring-boot/complete/target/classes:/home/claudiu/.m2/repository/org/springframework/boot/spring-boot-starter-web/2.0.5.RELEASE/spring-boot-starter-web-2.0.5.RELEASE.jar:/home/claudiu/.m2/repository/org/springframework/boot/spring-boot-starter/2.0.5.RELEASE/spring-boot-starter-2.0.5.RELEASE.jar:/home/claudiu/.m2/repository/org/springframework/boot/spring-boot/2.0.5.RELEASE/spring-boot-2.0.5.RELEASE.jar:/home/claudiu/.m2/repository/org/springframework/boot/spring-boot-autoconfigure/2.0.5.RELEASE/spring-boot-autoconfigure-2.0.5.RELEASE.jar:/home/claudiu/.m2/repository/org/springframework/boot/spring-boot-starter-logging/2.0.5.RELEASE/spring-boot-starter-logging-2.0.5.RELEASE.jar:/home/claudiu/.m2/repository/ch/qos/logback/logback-classic/1.2.3/logback-classic-1.2.3.jar:/home/claudiu/.m2/repository/ch/qos/logback/logback-core/1.2.3/logback-core-1.2.3.jar:/home/claudiu/.m2/repository/org/apache/logging/log4j/log4j-to-slf4j/2.10.0/log4j-to-slf4j-2.10.0.jar:/home/claudiu/.m2/repository/org/apache/logging/log4j/log4j-api/2.10.0/log4j-api-2.10.0.jar:/home/claudiu/.m2/repository/org/slf4j/jul-to-slf4j/1.7.25/jul-to-slf4j-1.7.25.jar:/home/claudiu/.m2/repository/javax/annotation/javax.annotation-api/1.3.2/javax.annotation-api-1.3.2.jar:/home/claudiu/.m2/repository/org/yaml/snakeyaml/1.19/snakeyaml-1.19.jar:/home/claudiu/.m2/repository/org/springframework/boot/spring-boot-starter-json/2.0.5.RELEASE/spring-boot-starter-json-2.0.5.RELEASE.jar:/home/claudiu/.m2/repository/com/fasterxml/jackson/datatype/jackson-datatype-jdk8/2.9.6/jackson-datatype-jdk8-2.9.6.jar:/home/claudiu/.m2/repository/com/fasterxml/jackson/datatype/jackson-datatype-jsr310/2.9.6/jackson-datatype-jsr310-2.9.6.jar:/home/claudiu/.m2/repository/com/fasterxml/jackson/module/jackson-module-parameter-names/2.9.6/jackson-module-parameter-names-2.9.6.jar:/home/claudiu/.m2/repository/org/springframework/boot/spring-boot-starter-tomcat/2.0.5.RELEASE/spring-boot-starter-tomcat-2.0.5.RELEASE.jar:/home/claudiu/.m2/repository/org/apache/tomcat/embed/tomcat-embed-core/8.5.34/tomcat-embed-core-8.5.34.jar:/home/claudiu/.m2/repository/org/apache/tomcat/embed/tomcat-embed-el/8.5.34/tomcat-embed-el-8.5.34.jar:/home/claudiu/.m2/repository/org/apache/tomcat/embed/tomcat-embed-websocket/8.5.34/tomcat-embed-websocket-8.5.34.jar:/home/claudiu/.m2/repository/org/hibernate/validator/hibernate-validator/6.0.12.Final/hibernate-validator-6.0.12.Final.jar:/home/claudiu/.m2/repository/javax/validation/validation-api/2.0.1.Final/validation-api-2.0.1.Final.jar:/home/claudiu/.m2/repository/org/jboss/logging/jboss-logging/3.3.2.Final/jboss-logging-3.3.2.Final.jar:/home/claudiu/.m2/repository/com/fasterxml/classmate/1.3.4/classmate-1.3.4.jar:/home/claudiu/.m2/repository/org/springframework/spring-web/5.0.9.RELEASE/spring-web-5.0.9.RELEASE.jar:/home/claudiu/.m2/repository/org/springframework/spring-beans/5.0.9.RELEASE/spring-beans-5.0.9.RELEASE.jar:/home/claudiu/.m2/repository/org/springframework/spring-webmvc/5.0.9.RELEASE/spring-webmvc-5.0.9.RELEASE.jar:/home/claudiu/.m2/repository/org/springframework/spring-aop/5.0.9.RELEASE/spring-aop-5.0.9.RELEASE.jar:/home/claudiu/.m2/repository/org/springframework/spring-context/5.0.9.RELEASE/spring-context-5.0.9.RELEASE.jar:/home/claudiu/.m2/repository/org/springframework/spring-expression/5.0.9.RELEASE/spring-expression-5.0.9.RELEASE.jar:/home/claudiu/.m2/repository/org/springframework/boot/spring-boot-starter-actuator/2.0.5.RELEASE/spring-boot-starter-actuator-2.0.5.RELEASE.jar:/home/claudiu/.m2/repository/org/springframework/boot/spring-boot-actuator-autoconfigure/2.0.5.RELEASE/spring-boot-actuator-autoconfigure-2.0.5.RELEASE.jar:/home/claudiu/.m2/repository/org/springframework/boot/spring-boot-actuator/2.0.5.RELEASE/spring-boot-actuator-2.0.5.RELEASE.jar:/home/claudiu/.m2/repository/io/micrometer/micrometer-core/1.0.6/micrometer-core-1.0.6.jar:/home/claudiu/.m2/repository/org/hdrhistogram/HdrHistogram/2.1.10/HdrHistogram-2.1.10.jar:/home/claudiu/.m2/repository/org/latencyutils/LatencyUtils/2.0.3/LatencyUtils-2.0.3.jar:/home/claudiu/.m2/repository/org/springframework/boot/spring-boot-starter-test/2.0.5.RELEASE/spring-boot-starter-test-2.0.5.RELEASE.jar:/home/claudiu/.m2/repository/org/springframework/boot/spring-boot-test/2.0.5.RELEASE/spring-boot-test-2.0.5.RELEASE.jar:/home/claudiu/.m2/repository/org/springframework/boot/spring-boot-test-autoconfigure/2.0.5.RELEASE/spring-boot-test-autoconfigure-2.0.5.RELEASE.jar:/home/claudiu/.m2/repository/com/jayway/jsonpath/json-path/2.4.0/json-path-2.4.0.jar:/home/claudiu/.m2/repository/net/minidev/json-smart/2.3/json-smart-2.3.jar:/home/claudiu/.m2/repository/net/minidev/accessors-smart/1.2/accessors-smart-1.2.jar:/home/claudiu/.m2/repository/junit/junit/4.12/junit-4.12.jar:/home/claudiu/.m2/repository/org/assertj/assertj-core/3.9.1/assertj-core-3.9.1.jar:/home/claudiu/.m2/repository/org/mockito/mockito-core/2.15.0/mockito-core-2.15.0.jar:/home/claudiu/.m2/repository/net/bytebuddy/byte-buddy/1.7.11/byte-buddy-1.7.11.jar:/home/claudiu/.m2/repository/net/bytebuddy/byte-buddy-agent/1.7.11/byte-buddy-agent-1.7.11.jar:/home/claudiu/.m2/repository/org/objenesis/objenesis/2.6/objenesis-2.6.jar:/home/claudiu/.m2/repository/org/hamcrest/hamcrest-core/1.3/hamcrest-core-1.3.jar:/home/claudiu/.m2/repository/org/hamcrest/hamcrest-library/1.3/hamcrest-library-1.3.jar:/home/claudiu/.m2/repository/org/skyscreamer/jsonassert/1.5.0/jsonassert-1.5.0.jar:/home/claudiu/.m2/repository/com/vaadin/external/google/android-json/0.0.20131108.vaadin1/android-json-0.0.20131108.vaadin1.jar:/home/claudiu/.m2/repository/org/springframework/spring-core/5.0.9.RELEASE/spring-core-5.0.9.RELEASE.jar:/home/claudiu/.m2/repository/org/springframework/spring-jcl/5.0.9.RELEASE/spring-jcl-5.0.9.RELEASE.jar:/home/claudiu/.m2/repository/org/springframework/spring-test/5.0.9.RELEASE/spring-test-5.0.9.RELEASE.jar:/home/claudiu/.m2/repository/org/xmlunit/xmlunit-core/2.5.1/xmlunit-core-2.5.1.jar:/home/claudiu/.m2/repository/com/github/tomakehurst/wiremock-jre8/2.21.0/wiremock-jre8-2.21.0.jar:/home/claudiu/.m2/repository/org/eclipse/jetty/jetty-server/9.4.12.v20180830/jetty-server-9.4.12.v20180830.jar:/home/claudiu/.m2/repository/javax/servlet/javax.servlet-api/3.1.0/javax.servlet-api-3.1.0.jar:/home/claudiu/.m2/repository/org/eclipse/jetty/jetty-http/9.4.12.v20180830/jetty-http-9.4.12.v20180830.jar:/home/claudiu/.m2/repository/org/eclipse/jetty/jetty-io/9.4.12.v20180830/jetty-io-9.4.12.v20180830.jar:/home/claudiu/.m2/repository/org/eclipse/jetty/jetty-servlet/9.4.12.v20180830/jetty-servlet-9.4.12.v20180830.jar:/home/claudiu/.m2/repository/org/eclipse/jetty/jetty-security/9.4.12.v20180830/jetty-security-9.4.12.v20180830.jar:/home/claudiu/.m2/repository/org/eclipse/jetty/jetty-servlets/9.4.12.v20180830/jetty-servlets-9.4.12.v20180830.jar:/home/claudiu/.m2/repository/org/eclipse/jetty/jetty-continuation/9.4.12.v20180830/jetty-continuation-9.4.12.v20180830.jar:/home/claudiu/.m2/repository/org/eclipse/jetty/jetty-util/9.4.12.v20180830/jetty-util-9.4.12.v20180830.jar:/home/claudiu/.m2/repository/org/eclipse/jetty/jetty-webapp/9.4.12.v20180830/jetty-webapp-9.4.12.v20180830.jar:/home/claudiu/.m2/repository/org/eclipse/jetty/jetty-xml/9.4.12.v20180830/jetty-xml-9.4.12.v20180830.jar:/home/claudiu/.m2/repository/com/google/guava/guava/27.0.1-jre/guava-27.0.1-jre.jar:/home/claudiu/.m2/repository/com/google/guava/failureaccess/1.0.1/failureaccess-1.0.1.jar:/home/claudiu/.m2/repository/com/google/guava/listenablefuture/9999.0-empty-to-avoid-conflict-with-guava/listenablefuture-9999.0-empty-to-avoid-conflict-with-guava.jar:/home/claudiu/.m2/repository/com/google/code/findbugs/jsr305/3.0.2/jsr305-3.0.2.jar:/home/claudiu/.m2/repository/org/checkerframework/checker-qual/2.5.2/checker-qual-2.5.2.jar:/home/claudiu/.m2/repository/com/google/errorprone/error_prone_annotations/2.2.0/error_prone_annotations-2.2.0.jar:/home/claudiu/.m2/repository/com/google/j2objc/j2objc-annotations/1.1/j2objc-annotations-1.1.jar:/home/claudiu/.m2/repository/org/codehaus/mojo/animal-sniffer-annotations/1.17/animal-sniffer-annotations-1.17.jar:/home/claudiu/.m2/repository/com/fasterxml/jackson/core/jackson-core/2.9.6/jackson-core-2.9.6.jar:/home/claudiu/.m2/repository/com/fasterxml/jackson/core/jackson-annotations/2.9.0/jackson-annotations-2.9.0.jar:/home/claudiu/.m2/repository/com/fasterxml/jackson/core/jackson-databind/2.9.6/jackson-databind-2.9.6.jar:/home/claudiu/.m2/repository/org/apache/httpcomponents/httpclient/4.5.6/httpclient-4.5.6.jar:/home/claudiu/.m2/repository/org/apache/httpcomponents/httpcore/4.4.10/httpcore-4.4.10.jar:/home/claudiu/.m2/repository/commons-codec/commons-codec/1.11/commons-codec-1.11.jar:/home/claudiu/.m2/repository/org/xmlunit/xmlunit-legacy/2.5.1/xmlunit-legacy-2.5.1.jar:/home/claudiu/.m2/repository/org/ow2/asm/asm/7.0/asm-7.0.jar:/home/claudiu/.m2/repository/org/slf4j/slf4j-api/1.7.25/slf4j-api-1.7.25.jar:/home/claudiu/.m2/repository/net/sf/jopt-simple/jopt-simple/5.0.3/jopt-simple-5.0.3.jar:/home/claudiu/.m2/repository/org/apache/commons/commons-lang3/3.7/commons-lang3-3.7.jar:/home/claudiu/.m2/repository/com/flipkart/zjsonpatch/zjsonpatch/0.4.4/zjsonpatch-0.4.4.jar:/home/claudiu/.m2/repository/com/github/jknack/handlebars/4.1.2/handlebars-4.1.2.jar:/home/claudiu/.m2/repository/com/github/jknack/handlebars-helpers/4.1.2/handlebars-helpers-4.1.2.jar:, java.vm.vendor=Oracle Corporation, sun.arch.data.model=64, java.vendor.url=http://java.oracle.com/, user.timezone=Europe/Istanbul, os.name=Linux, java.vm.specification.version=10, sun.java.launcher=SUN_STANDARD, user.country=US, sun.boot.library.path=/usr/lib/jvm/java-11-openjdk-amd64/lib, sun.java.command=/home/claudiu/git/gs-spring-boot/complete/target/surefire/surefirebooter9033634326871064062.jar /home/claudiu/git/gs-spring-boot/complete/target/surefire 2019-02-27T18-54-49_416-jvmRun1 surefire18322283700785452573tmp surefire_014682947256667474186tmp, jdk.debug=release, surefire.test.class.path=/home/claudiu/git/gs-spring-boot/complete/target/test-classes:/home/claudiu/git/gs-spring-boot/complete/target/classes:/home/claudiu/.m2/repository/org/springframework/boot/spring-boot-starter-web/2.0.5.RELEASE/spring-boot-starter-web-2.0.5.RELEASE.jar:/home/claudiu/.m2/repository/org/springframework/boot/spring-boot-starter/2.0.5.RELEASE/spring-boot-starter-2.0.5.RELEASE.jar:/home/claudiu/.m2/repository/org/springframework/boot/spring-boot/2.0.5.RELEASE/spring-boot-2.0.5.RELEASE.jar:/home/claudiu/.m2/repository/org/springframework/boot/spring-boot-autoconfigure/2.0.5.RELEASE/spring-boot-autoconfigure-2.0.5.RELEASE.jar:/home/claudiu/.m2/repository/org/springframework/boot/spring-boot-starter-logging/2.0.5.RELEASE/spring-boot-starter-logging-2.0.5.RELEASE.jar:/home/claudiu/.m2/repository/ch/qos/logback/logback-classic/1.2.3/logback-classic-1.2.3.jar:/home/claudiu/.m2/repository/ch/qos/logback/logback-core/1.2.3/logback-core-1.2.3.jar:/home/claudiu/.m2/repository/org/apache/logging/log4j/log4j-to-slf4j/2.10.0/log4j-to-slf4j-2.10.0.jar:/home/claudiu/.m2/repository/org/apache/logging/log4j/log4j-api/2.10.0/log4j-api-2.10.0.jar:/home/claudiu/.m2/repository/org/slf4j/jul-to-slf4j/1.7.25/jul-to-slf4j-1.7.25.jar:/home/claudiu/.m2/repository/javax/annotation/javax.annotation-api/1.3.2/javax.annotation-api-1.3.2.jar:/home/claudiu/.m2/repository/org/yaml/snakeyaml/1.19/snakeyaml-1.19.jar:/home/claudiu/.m2/repository/org/springframework/boot/spring-boot-starter-json/2.0.5.RELEASE/spring-boot-starter-json-2.0.5.RELEASE.jar:/home/claudiu/.m2/repository/com/fasterxml/jackson/datatype/jackson-datatype-jdk8/2.9.6/jackson-datatype-jdk8-2.9.6.jar:/home/claudiu/.m2/repository/com/fasterxml/jackson/datatype/jackson-datatype-jsr310/2.9.6/jackson-datatype-jsr310-2.9.6.jar:/home/claudiu/.m2/repository/com/fasterxml/jackson/module/jackson-module-parameter-names/2.9.6/jackson-module-parameter-names-2.9.6.jar:/home/claudiu/.m2/repository/org/springframework/boot/spring-boot-starter-tomcat/2.0.5.RELEASE/spring-boot-starter-tomcat-2.0.5.RELEASE.jar:/home/claudiu/.m2/repository/org/apache/tomcat/embed/tomcat-embed-core/8.5.34/tomcat-embed-core-8.5.34.jar:/home/claudiu/.m2/repository/org/apache/tomcat/embed/tomcat-embed-el/8.5.34/tomcat-embed-el-8.5.34.jar:/home/claudiu/.m2/repository/org/apache/tomcat/embed/tomcat-embed-websocket/8.5.34/tomcat-embed-websocket-8.5.34.jar:/home/claudiu/.m2/repository/org/hibernate/validator/hibernate-validator/6.0.12.Final/hibernate-validator-6.0.12.Final.jar:/home/claudiu/.m2/repository/javax/validation/validation-api/2.0.1.Final/validation-api-2.0.1.Final.jar:/home/claudiu/.m2/repository/org/jboss/logging/jboss-logging/3.3.2.Final/jboss-logging-3.3.2.Final.jar:/home/claudiu/.m2/repository/com/fasterxml/classmate/1.3.4/classmate-1.3.4.jar:/home/claudiu/.m2/repository/org/springframework/spring-web/5.0.9.RELEASE/spring-web-5.0.9.RELEASE.jar:/home/claudiu/.m2/repository/org/springframework/spring-beans/5.0.9.RELEASE/spring-beans-5.0.9.RELEASE.jar:/home/claudiu/.m2/repository/org/springframework/spring-webmvc/5.0.9.RELEASE/spring-webmvc-5.0.9.RELEASE.jar:/home/claudiu/.m2/repository/org/springframework/spring-aop/5.0.9.RELEASE/spring-aop-5.0.9.RELEASE.jar:/home/claudiu/.m2/repository/org/springframework/spring-context/5.0.9.RELEASE/spring-context-5.0.9.RELEASE.jar:/home/claudiu/.m2/repository/org/springframework/spring-expression/5.0.9.RELEASE/spring-expression-5.0.9.RELEASE.jar:/home/claudiu/.m2/repository/org/springframework/boot/spring-boot-starter-actuator/2.0.5.RELEASE/spring-boot-starter-actuator-2.0.5.RELEASE.jar:/home/claudiu/.m2/repository/org/springframework/boot/spring-boot-actuator-autoconfigure/2.0.5.RELEASE/spring-boot-actuator-autoconfigure-2.0.5.RELEASE.jar:/home/claudiu/.m2/repository/org/springframework/boot/spring-boot-actuator/2.0.5.RELEASE/spring-boot-actuator-2.0.5.RELEASE.jar:/home/claudiu/.m2/repository/io/micrometer/micrometer-core/1.0.6/micrometer-core-1.0.6.jar:/home/claudiu/.m2/repository/org/hdrhistogram/HdrHistogram/2.1.10/HdrHistogram-2.1.10.jar:/home/claudiu/.m2/repository/org/latencyutils/LatencyUtils/2.0.3/LatencyUtils-2.0.3.jar:/home/claudiu/.m2/repository/org/springframework/boot/spring-boot-starter-test/2.0.5.RELEASE/spring-boot-starter-test-2.0.5.RELEASE.jar:/home/claudiu/.m2/repository/org/springframework/boot/spring-boot-test/2.0.5.RELEASE/spring-boot-test-2.0.5.RELEASE.jar:/home/claudiu/.m2/repository/org/springframework/boot/spring-boot-test-autoconfigure/2.0.5.RELEASE/spring-boot-test-autoconfigure-2.0.5.RELEASE.jar:/home/claudiu/.m2/repository/com/jayway/jsonpath/json-path/2.4.0/json-path-2.4.0.jar:/home/claudiu/.m2/repository/net/minidev/json-smart/2.3/json-smart-2.3.jar:/home/claudiu/.m2/repository/net/minidev/accessors-smart/1.2/accessors-smart-1.2.jar:/home/claudiu/.m2/repository/junit/junit/4.12/junit-4.12.jar:/home/claudiu/.m2/repository/org/assertj/assertj-core/3.9.1/assertj-core-3.9.1.jar:/home/claudiu/.m2/repository/org/mockito/mockito-core/2.15.0/mockito-core-2.15.0.jar:/home/claudiu/.m2/repository/net/bytebuddy/byte-buddy/1.7.11/byte-buddy-1.7.11.jar:/home/claudiu/.m2/repository/net/bytebuddy/byte-buddy-agent/1.7.11/byte-buddy-agent-1.7.11.jar:/home/claudiu/.m2/repository/org/objenesis/objenesis/2.6/objenesis-2.6.jar:/home/claudiu/.m2/repository/org/hamcrest/hamcrest-core/1.3/hamcrest-core-1.3.jar:/home/claudiu/.m2/repository/org/hamcrest/hamcrest-library/1.3/hamcrest-library-1.3.jar:/home/claudiu/.m2/repository/org/skyscreamer/jsonassert/1.5.0/jsonassert-1.5.0.jar:/home/claudiu/.m2/repository/com/vaadin/external/google/android-json/0.0.20131108.vaadin1/android-json-0.0.20131108.vaadin1.jar:/home/claudiu/.m2/repository/org/springframework/spring-core/5.0.9.RELEASE/spring-core-5.0.9.RELEASE.jar:/home/claudiu/.m2/repository/org/springframework/spring-jcl/5.0.9.RELEASE/spring-jcl-5.0.9.RELEASE.jar:/home/claudiu/.m2/repository/org/springframework/spring-test/5.0.9.RELEASE/spring-test-5.0.9.RELEASE.jar:/home/claudiu/.m2/repository/org/xmlunit/xmlunit-core/2.5.1/xmlunit-core-2.5.1.jar:/home/claudiu/.m2/repository/com/github/tomakehurst/wiremock-jre8/2.21.0/wiremock-jre8-2.21.0.jar:/home/claudiu/.m2/repository/org/eclipse/jetty/jetty-server/9.4.12.v20180830/jetty-server-9.4.12.v20180830.jar:/home/claudiu/.m2/repository/javax/servlet/javax.servlet-api/3.1.0/javax.servlet-api-3.1.0.jar:/home/claudiu/.m2/repository/org/eclipse/jetty/jetty-http/9.4.12.v20180830/jetty-http-9.4.12.v20180830.jar:/home/claudiu/.m2/repository/org/eclipse/jetty/jetty-io/9.4.12.v20180830/jetty-io-9.4.12.v20180830.jar:/home/claudiu/.m2/repository/org/eclipse/jetty/jetty-servlet/9.4.12.v20180830/jetty-servlet-9.4.12.v20180830.jar:/home/claudiu/.m2/repository/org/eclipse/jetty/jetty-security/9.4.12.v20180830/jetty-security-9.4.12.v20180830.jar:/home/claudiu/.m2/repository/org/eclipse/jetty/jetty-servlets/9.4.12.v20180830/jetty-servlets-9.4.12.v20180830.jar:/home/claudiu/.m2/repository/org/eclipse/jetty/jetty-continuation/9.4.12.v20180830/jetty-continuation-9.4.12.v20180830.jar:/home/claudiu/.m2/repository/org/eclipse/jetty/jetty-util/9.4.12.v20180830/jetty-util-9.4.12.v20180830.jar:/home/claudiu/.m2/repository/org/eclipse/jetty/jetty-webapp/9.4.12.v20180830/jetty-webapp-9.4.12.v20180830.jar:/home/claudiu/.m2/repository/org/eclipse/jetty/jetty-xml/9.4.12.v20180830/jetty-xml-9.4.12.v20180830.jar:/home/claudiu/.m2/repository/com/google/guava/guava/27.0.1-jre/guava-27.0.1-jre.jar:/home/claudiu/.m2/repository/com/google/guava/failureaccess/1.0.1/failureaccess-1.0.1.jar:/home/claudiu/.m2/repository/com/google/guava/listenablefuture/9999.0-empty-to-avoid-conflict-with-guava/listenablefuture-9999.0-empty-to-avoid-conflict-with-guava.jar:/home/claudiu/.m2/repository/com/google/code/findbugs/jsr305/3.0.2/jsr305-3.0.2.jar:/home/claudiu/.m2/repository/org/checkerframework/checker-qual/2.5.2/checker-qual-2.5.2.jar:/home/claudiu/.m2/repository/com/google/errorprone/error_prone_annotations/2.2.0/error_prone_annotations-2.2.0.jar:/home/claudiu/.m2/repository/com/google/j2objc/j2objc-annotations/1.1/j2objc-annotations-1.1.jar:/home/claudiu/.m2/repository/org/codehaus/mojo/animal-sniffer-annotations/1.17/animal-sniffer-annotations-1.17.jar:/home/claudiu/.m2/repository/com/fasterxml/jackson/core/jackson-core/2.9.6/jackson-core-2.9.6.jar:/home/claudiu/.m2/repository/com/fasterxml/jackson/core/jackson-annotations/2.9.0/jackson-annotations-2.9.0.jar:/home/claudiu/.m2/repository/com/fasterxml/jackson/core/jackson-databind/2.9.6/jackson-databind-2.9.6.jar:/home/claudiu/.m2/repository/org/apache/httpcomponents/httpclient/4.5.6/httpclient-4.5.6.jar:/home/claudiu/.m2/repository/org/apache/httpcomponents/httpcore/4.4.10/httpcore-4.4.10.jar:/home/claudiu/.m2/repository/commons-codec/commons-codec/1.11/commons-codec-1.11.jar:/home/claudiu/.m2/repository/org/xmlunit/xmlunit-legacy/2.5.1/xmlunit-legacy-2.5.1.jar:/home/claudiu/.m2/repository/org/ow2/asm/asm/7.0/asm-7.0.jar:/home/claudiu/.m2/repository/org/slf4j/slf4j-api/1.7.25/slf4j-api-1.7.25.jar:/home/claudiu/.m2/repository/net/sf/jopt-simple/jopt-simple/5.0.3/jopt-simple-5.0.3.jar:/home/claudiu/.m2/repository/org/apache/commons/commons-lang3/3.7/commons-lang3-3.7.jar:/home/claudiu/.m2/repository/com/flipkart/zjsonpatch/zjsonpatch/0.4.4/zjsonpatch-0.4.4.jar:/home/claudiu/.m2/repository/com/github/jknack/handlebars/4.1.2/handlebars-4.1.2.jar:/home/claudiu/.m2/repository/com/github/jknack/handlebars-helpers/4.1.2/handlebars-helpers-4.1.2.jar:, sun.cpu.endian=little, user.home=/home/claudiu, user.language=en, java.specification.vendor=Oracle Corporation, java.version.date=2018-07-17, java.home=/usr/lib/jvm/java-11-openjdk-amd64, file.separator=/, basedir=/home/claudiu/git/gs-spring-boot/complete, java.vm.compressedOopsMode=Zero based, line.separator=
, java.specification.name=Java Platform API Specification, java.vm.specification.vendor=Oracle Corporation, java.awt.graphicsenv=sun.awt.X11GraphicsEnvironment, surefire.real.class.path=/home/claudiu/git/gs-spring-boot/complete/target/surefire/surefirebooter9033634326871064062.jar, sun.management.compiler=HotSpot 64-Bit Tiered Compilers, java.runtime.version=10.0.2+13-Ubuntu-1ubuntu0.18.04.4, user.name=claudiu, path.separator=:, os.version=4.15.0-45-generic, java.runtime.name=OpenJDK Runtime Environment, file.encoding=UTF-8, java.vm.name=OpenJDK 64-Bit Server VM, localRepository=/home/claudiu/.m2/repository, java.vendor.url.bug=http://bugreport.java.com/bugreport/, java.io.tmpdir=/tmp, java.version=10.0.2, user.dir=/home/claudiu/git/gs-spring-boot/complete, os.arch=amd64, java.vm.specification.name=Java Virtual Machine Specification, java.awt.printerjob=sun.print.PSPrinterJob, sun.os.patch.level=unknown, java.library.path=/usr/java/packages/lib:/usr/lib/x86_64-linux-gnu/jni:/lib/x86_64-linux-gnu:/usr/lib/x86_64-linux-gnu:/usr/lib/jni:/lib:/usr/lib, java.vendor=Oracle Corporation, java.vm.info=mixed mode, java.vm.version=10.0.2+13-Ubuntu-1ubuntu0.18.04.4, sun.io.unicode.encoding=UnicodeLittle, java.class.version=54.0}}, SystemEnvironmentPropertySource@1528741718 {name='systemEnvironment', properties={PATH=/usr/local/sbin:/usr/local/bin:/usr/sbin:/usr/bin:/sbin:/bin:/usr/games:/usr/local/games:/snap/bin:/usr/lib/jvm/java-8-oracle/bin:/usr/lib/jvm/java-8-oracle/db/bin:/usr/lib/jvm/java-8-oracle/jre/bin, LC_MEASUREMENT=tr_TR.UTF-8, XAUTHORITY=/run/user/1000/gdm/Xauthority, XMODIFIERS=@im=ibus, LC_TELEPHONE=tr_TR.UTF-8, XDG_DATA_DIRS=/usr/share/ubuntu:/usr/local/share:/usr/share:/var/lib/snapd/desktop, GDMSESSION=ubuntu, LC_TIME=tr_TR.UTF-8, TEXTDOMAINDIR=/usr/share/locale/, GTK_IM_MODULE=ibus, DBUS_SESSION_BUS_ADDRESS=unix:path=/run/user/1000/bus, XDG_CURRENT_DESKTOP=ubuntu:GNOME, SSH_AGENT_PID=1098, QT4_IM_MODULE=xim, LC_PAPER=tr_TR.UTF-8, SESSION_MANAGER=local/ubu-ibm:@/tmp/.ICE-unix/1002,unix/ubu-ibm:/tmp/.ICE-unix/1002, USERNAME=claudiu, LOGNAME=claudiu, PWD=/home/claudiu/git/gs-spring-boot/complete, DERBY_HOME=/usr/lib/jvm/java-8-oracle/db, IM_CONFIG_PHASE=2, SHELL=/bin/bash, LC_ADDRESS=tr_TR.UTF-8, GIO_LAUNCHED_DESKTOP_FILE=/home/claudiu/Desktop/Eclipse.desktop, J2SDKDIR=/usr/lib/jvm/java-8-oracle, OLDPWD=/home/claudiu/git/gs-spring-boot/complete, GNOME_DESKTOP_SESSION_ID=this-is-deprecated, GTK_MODULES=gail:atk-bridge, J2REDIR=/usr/lib/jvm/java-8-oracle/jre, CLUTTER_IM_MODULE=xim, TEXTDOMAIN=im-config, XDG_SESSION_DESKTOP=ubuntu, SHLVL=0, LC_IDENTIFICATION=tr_TR.UTF-8, LC_MONETARY=tr_TR.UTF-8, OXYGEN_DISABLE_INNER_SHADOWS_HACK=1, QT_IM_MODULE=xim, JAVA_HOME=/usr/lib/jvm/java-8-oracle, XDG_CONFIG_DIRS=/etc/xdg/xdg-ubuntu:/etc/xdg, LANG=en_US.UTF-8, XDG_SESSION_ID=1, XDG_SESSION_TYPE=x11, DISPLAY=:0, LC_NAME=tr_TR.UTF-8, LIBOVERLAY_SCROLLBAR=0, GPG_AGENT_INFO=/run/user/1000/gnupg/S.gpg-agent:0:1, GDK_CORE_DEVICE_EVENTS=1, DESKTOP_SESSION=ubuntu, USER=claudiu, XDG_MENU_PREFIX=gnome-, GIO_LAUNCHED_DESKTOP_FILE_PID=10100, QT_ACCESSIBILITY=1, WINDOWPATH=1, LC_NUMERIC=tr_TR.UTF-8, SSH_AUTH_SOCK=/run/user/1000/keyring/ssh, XDG_SEAT=seat0, GNOME_SHELL_SESSION_MODE=ubuntu, XDG_VTNR=1, XDG_RUNTIME_DIR=/run/user/1000, HOME=/home/claudiu}}]
18:54:52.231 [main] DEBUG org.springframework.test.context.support.TestPropertySourceUtils - Adding inlined properties to environment: {spring.jmx.enabled=false, org.springframework.boot.test.context.SpringBootTestContextBootstrapper=true, server.port=-1}
18:54:52.232 [main] DEBUG org.springframework.core.env.StandardEnvironment - Adding PropertySource 'Inlined Test Properties' with highest search precedence

  .   ____          _            __ _ _
 /\\ / ___'_ __ _ _(_)_ __  __ _ \ \ \ \
( ( )\___ | '_ | '_| | '_ \/ _` | \ \ \ \
 \\/  ___)| |_)| | | | | || (_| |  ) ) ) )
  '  |____| .__|_| |_|_| |_\__, | / / / /
 =========|_|==============|___/=/_/_/_/
 :: Spring Boot ::        (v2.0.5.RELEASE)

2019-02-27 18:54:53.047  INFO 10315 --- [           main] hello.HelloControllerTest                : Starting HelloControllerTest on ubu-ibm with PID 10315 (started by claudiu in /home/claudiu/git/gs-spring-boot/complete)
2019-02-27 18:54:53.050  INFO 10315 --- [           main] hello.HelloControllerTest                : No active profile set, falling back to default profiles: default
2019-02-27 18:54:53.084  INFO 10315 --- [           main] o.s.w.c.s.GenericWebApplicationContext   : Refreshing org.springframework.web.context.support.GenericWebApplicationContext@1d8062d2: startup date [Wed Feb 27 18:54:53 EET 2019]; root of context hierarchy
2019-02-27 18:54:55.750  INFO 10315 --- [           main] o.s.w.s.handler.SimpleUrlHandlerMapping  : Mapped URL path [/**/favicon.ico] onto handler of type [class org.springframework.web.servlet.resource.ResourceHttpRequestHandler]
2019-02-27 18:54:55.993  INFO 10315 --- [           main] s.w.s.m.m.a.RequestMappingHandlerAdapter : Looking for @ControllerAdvice: org.springframework.web.context.support.GenericWebApplicationContext@1d8062d2: startup date [Wed Feb 27 18:54:53 EET 2019]; root of context hierarchy
2019-02-27 18:54:56.120  INFO 10315 --- [           main] s.w.s.m.m.a.RequestMappingHandlerMapping : Mapped "{[/Hello/{id}],methods=[GET],produces=[application/json]}" onto public hello.HelloController$Book hello.HelloController.getBook(int)
2019-02-27 18:54:56.137  INFO 10315 --- [           main] s.w.s.m.m.a.RequestMappingHandlerMapping : Mapped "{[/Hello/],methods=[GET],produces=[application/json]}" onto public java.util.List<hello.HelloController$Book> hello.HelloController.index()
2019-02-27 18:54:56.141  INFO 10315 --- [           main] s.w.s.m.m.a.RequestMappingHandlerMapping : Mapped "{[/error],produces=[text/html]}" onto public org.springframework.web.servlet.ModelAndView org.springframework.boot.autoconfigure.web.servlet.error.BasicErrorController.errorHtml(javax.servlet.http.HttpServletRequest,javax.servlet.http.HttpServletResponse)
2019-02-27 18:54:56.142  INFO 10315 --- [           main] s.w.s.m.m.a.RequestMappingHandlerMapping : Mapped "{[/error]}" onto public org.springframework.http.ResponseEntity<java.util.Map<java.lang.String, java.lang.Object>> org.springframework.boot.autoconfigure.web.servlet.error.BasicErrorController.error(javax.servlet.http.HttpServletRequest)
2019-02-27 18:54:56.176  INFO 10315 --- [           main] o.s.w.s.handler.SimpleUrlHandlerMapping  : Mapped URL path [/webjars/**] onto handler of type [class org.springframework.web.servlet.resource.ResourceHttpRequestHandler]
2019-02-27 18:54:56.177  INFO 10315 --- [           main] o.s.w.s.handler.SimpleUrlHandlerMapping  : Mapped URL path [/**] onto handler of type [class org.springframework.web.servlet.resource.ResourceHttpRequestHandler]
2019-02-27 18:54:56.859  INFO 10315 --- [           main] o.s.b.t.m.w.SpringBootMockServletContext : Initializing Spring FrameworkServlet ''
2019-02-27 18:54:56.859  INFO 10315 --- [           main] o.s.t.web.servlet.TestDispatcherServlet  : FrameworkServlet '': initialization started
2019-02-27 18:54:56.879  INFO 10315 --- [           main] o.s.b.a.e.web.EndpointLinksResolver      : Exposing 2 endpoint(s) beneath base path '/actuator'
2019-02-27 18:54:56.891  INFO 10315 --- [           main] s.b.a.e.w.s.WebMvcEndpointHandlerMapping : Mapped "{[/actuator/health],methods=[GET],produces=[application/vnd.spring-boot.actuator.v2+json || application/json]}" onto public java.lang.Object org.springframework.boot.actuate.endpoint.web.servlet.AbstractWebMvcEndpointHandlerMapping$OperationHandler.handle(javax.servlet.http.HttpServletRequest,java.util.Map<java.lang.String, java.lang.String>)
2019-02-27 18:54:56.892  INFO 10315 --- [           main] s.b.a.e.w.s.WebMvcEndpointHandlerMapping : Mapped "{[/actuator/info],methods=[GET],produces=[application/vnd.spring-boot.actuator.v2+json || application/json]}" onto public java.lang.Object org.springframework.boot.actuate.endpoint.web.servlet.AbstractWebMvcEndpointHandlerMapping$OperationHandler.handle(javax.servlet.http.HttpServletRequest,java.util.Map<java.lang.String, java.lang.String>)
2019-02-27 18:54:56.894  INFO 10315 --- [           main] s.b.a.e.w.s.WebMvcEndpointHandlerMapping : Mapped "{[/actuator],methods=[GET],produces=[application/vnd.spring-boot.actuator.v2+json || application/json]}" onto protected java.util.Map<java.lang.String, java.util.Map<java.lang.String, org.springframework.boot.actuate.endpoint.web.Link>> org.springframework.boot.actuate.endpoint.web.servlet.WebMvcEndpointHandlerMapping.links(javax.servlet.http.HttpServletRequest,javax.servlet.http.HttpServletResponse)
2019-02-27 18:54:56.917  INFO 10315 --- [           main] o.s.t.web.servlet.TestDispatcherServlet  : FrameworkServlet '': initialization completed in 58 ms
2019-02-27 18:54:57.060  INFO 10315 --- [           main] hello.HelloControllerTest                : Started HelloControllerTest in 4.82 seconds (JVM running for 7.019)
Let's inspect the beans provided by Spring Boot:
application
auditEventRepository
auditEventsEndpoint
auditListener
basicErrorController
beanNameHandlerMapping
beanNameViewResolver
beansEndpoint
characterEncodingFilter
classLoaderMetrics
commandLineRunner
conditionsReportEndpoint
configurationPropertiesReportEndpoint
contextCapturingServletTomcatCustomizer
controllerEndpointDiscoverer
controllerEndpointHandlerMapping
controllerExposeExcludePropertyEndpointFilter
conventionErrorViewResolver
createHealthStatusHttpMapper
defaultServletHandlerMapping
defaultValidator
defaultViewResolver
diskSpaceHealthIndicator
diskSpaceHealthIndicatorProperties
dispatcherServlet
dispatcherServletMappingDescriptionProvider
dispatcherServletRegistration
dumpEndpoint
endpointCachingOperationInvokerAdvisor
endpointMediaTypes
endpointOperationParameterMapper
envInfoContributor
environmentEndpoint
environmentEndpointWebExtension
error
errorAttributes
errorPageCustomizer
errorPageRegistrarBeanPostProcessor
faviconHandlerMapping
faviconRequestHandler
fileDescriptorMetrics
filterMappingDescriptionProvider
handlerExceptionResolver
healthAggregator
healthEndpoint
healthEndpointWebExtension
healthWebEndpointResponseMapper
heapDumpWebEndpoint
helloController
hiddenHttpMethodFilter
httpExchangeTracer
httpPutFormContentFilter
httpRequestHandlerAdapter
httpTraceEndpoint
httpTraceFilter
infoEndpoint
jacksonCodecCustomizer
jacksonObjectMapper
jacksonObjectMapperBuilder
jettyWebServerFactoryCustomizer
jmxAnnotationEndpointDiscoverer
jmxIncludeExcludePropertyEndpointFilter
jsonComponentModule
jvmGcMetrics
jvmMemoryMetrics
jvmThreadMetrics
localeCharsetMappingsCustomizer
logbackMetrics
loggersEndpoint
management.endpoint.configprops-org.springframework.boot.actuate.autoconfigure.context.properties.ConfigurationPropertiesReportEndpointProperties
management.endpoint.env-org.springframework.boot.actuate.autoconfigure.env.EnvironmentEndpointProperties
management.endpoint.health-org.springframework.boot.actuate.autoconfigure.health.HealthEndpointProperties
management.endpoint.logfile-org.springframework.boot.actuate.autoconfigure.logging.LogFileWebEndpointProperties
management.endpoints.jmx-org.springframework.boot.actuate.autoconfigure.endpoint.jmx.JmxEndpointProperties
management.endpoints.web-org.springframework.boot.actuate.autoconfigure.endpoint.web.WebEndpointProperties
management.endpoints.web.cors-org.springframework.boot.actuate.autoconfigure.endpoint.web.CorsEndpointProperties
management.health.status-org.springframework.boot.actuate.autoconfigure.health.HealthIndicatorProperties
management.info-org.springframework.boot.actuate.autoconfigure.info.InfoContributorProperties
management.metrics-org.springframework.boot.actuate.autoconfigure.metrics.MetricsProperties
management.metrics.export.simple-org.springframework.boot.actuate.autoconfigure.metrics.export.simple.SimpleProperties
management.server-org.springframework.boot.actuate.autoconfigure.web.server.ManagementServerProperties
management.trace.http-org.springframework.boot.actuate.autoconfigure.trace.http.HttpTraceProperties
managementServletContext
mappingJackson2HttpMessageConverter
mappingsEndpoint
messageConverters
meterRegistryPostProcessor
methodValidationPostProcessor
metricsEndpoint
metricsHttpServerUriTagFilter
metricsRestTemplateCustomizer
metricsWebClientUriTagFilter
micrometerClock
mockMvc
mockMvcBuilder
multipartConfigElement
multipartResolver
mvcContentNegotiationManager
mvcConversionService
mvcHandlerMappingIntrospector
mvcPathMatcher
mvcResourceUrlProvider
mvcUriComponentsContributor
mvcUrlPathHelper
mvcValidator
mvcViewResolver
org.springframework.boot.actuate.autoconfigure.audit.AuditAutoConfiguration
org.springframework.boot.actuate.autoconfigure.audit.AuditAutoConfiguration$AuditEventRepositoryConfiguration
org.springframework.boot.actuate.autoconfigure.audit.AuditEventsEndpointAutoConfiguration
org.springframework.boot.actuate.autoconfigure.beans.BeansEndpointAutoConfiguration
org.springframework.boot.actuate.autoconfigure.condition.ConditionsReportEndpointAutoConfiguration
org.springframework.boot.actuate.autoconfigure.context.ShutdownEndpointAutoConfiguration
org.springframework.boot.actuate.autoconfigure.context.properties.ConfigurationPropertiesReportEndpointAutoConfiguration
org.springframework.boot.actuate.autoconfigure.elasticsearch.ElasticsearchHealthIndicatorAutoConfiguration
org.springframework.boot.actuate.autoconfigure.endpoint.EndpointAutoConfiguration
org.springframework.boot.actuate.autoconfigure.endpoint.jmx.JmxEndpointAutoConfiguration
org.springframework.boot.actuate.autoconfigure.endpoint.web.ServletEndpointManagementContextConfiguration
org.springframework.boot.actuate.autoconfigure.endpoint.web.ServletEndpointManagementContextConfiguration$WebMvcServletEndpointManagementContextConfiguration
org.springframework.boot.actuate.autoconfigure.endpoint.web.WebEndpointAutoConfiguration
org.springframework.boot.actuate.autoconfigure.endpoint.web.WebEndpointAutoConfiguration$WebEndpointServletConfiguration
org.springframework.boot.actuate.autoconfigure.endpoint.web.servlet.WebMvcEndpointManagementContextConfiguration
org.springframework.boot.actuate.autoconfigure.env.EnvironmentEndpointAutoConfiguration
org.springframework.boot.actuate.autoconfigure.health.HealthEndpointAutoConfiguration
org.springframework.boot.actuate.autoconfigure.health.HealthEndpointConfiguration
org.springframework.boot.actuate.autoconfigure.health.HealthEndpointWebExtensionConfiguration
org.springframework.boot.actuate.autoconfigure.health.HealthEndpointWebExtensionConfiguration$ServletWebHealthConfiguration
org.springframework.boot.actuate.autoconfigure.health.HealthIndicatorAutoConfiguration
org.springframework.boot.actuate.autoconfigure.info.InfoContributorAutoConfiguration
org.springframework.boot.actuate.autoconfigure.info.InfoEndpointAutoConfiguration
org.springframework.boot.actuate.autoconfigure.logging.LogFileWebEndpointAutoConfiguration
org.springframework.boot.actuate.autoconfigure.logging.LoggersEndpointAutoConfiguration
org.springframework.boot.actuate.autoconfigure.management.HeapDumpWebEndpointAutoConfiguration
org.springframework.boot.actuate.autoconfigure.management.ThreadDumpEndpointAutoConfiguration
org.springframework.boot.actuate.autoconfigure.metrics.CompositeMeterRegistryAutoConfiguration
org.springframework.boot.actuate.autoconfigure.metrics.MetricsAutoConfiguration
org.springframework.boot.actuate.autoconfigure.metrics.MetricsAutoConfiguration$JvmMeterBindersConfiguration
org.springframework.boot.actuate.autoconfigure.metrics.MetricsAutoConfiguration$MeterBindersConfiguration
org.springframework.boot.actuate.autoconfigure.metrics.MetricsEndpointAutoConfiguration
org.springframework.boot.actuate.autoconfigure.metrics.export.simple.SimpleMetricsExportAutoConfiguration
org.springframework.boot.actuate.autoconfigure.metrics.web.client.RestTemplateMetricsAutoConfiguration
org.springframework.boot.actuate.autoconfigure.metrics.web.servlet.WebMvcMetricsAutoConfiguration
org.springframework.boot.actuate.autoconfigure.metrics.web.tomcat.TomcatMetricsAutoConfiguration
org.springframework.boot.actuate.autoconfigure.mongo.MongoHealthIndicatorAutoConfiguration
org.springframework.boot.actuate.autoconfigure.redis.RedisHealthIndicatorAutoConfiguration
org.springframework.boot.actuate.autoconfigure.scheduling.ScheduledTasksEndpointAutoConfiguration
org.springframework.boot.actuate.autoconfigure.system.DiskSpaceHealthIndicatorAutoConfiguration
org.springframework.boot.actuate.autoconfigure.trace.http.HttpTraceAutoConfiguration
org.springframework.boot.actuate.autoconfigure.trace.http.HttpTraceAutoConfiguration$ServletTraceFilterConfiguration
org.springframework.boot.actuate.autoconfigure.trace.http.HttpTraceEndpointAutoConfiguration
org.springframework.boot.actuate.autoconfigure.web.mappings.MappingsEndpointAutoConfiguration
org.springframework.boot.actuate.autoconfigure.web.mappings.MappingsEndpointAutoConfiguration$ServletWebConfiguration
org.springframework.boot.actuate.autoconfigure.web.mappings.MappingsEndpointAutoConfiguration$ServletWebConfiguration$SpringMvcConfiguration
org.springframework.boot.actuate.autoconfigure.web.server.ManagementContextAutoConfiguration
org.springframework.boot.actuate.autoconfigure.web.server.ManagementContextAutoConfiguration$SameManagementContextConfiguration
org.springframework.boot.actuate.autoconfigure.web.server.ManagementContextAutoConfiguration$SameManagementContextConfiguration$EnableSameManagementContextConfiguration
org.springframework.boot.actuate.autoconfigure.web.servlet.ServletManagementContextAutoConfiguration
org.springframework.boot.autoconfigure.AutoConfigurationPackages
org.springframework.boot.autoconfigure.condition.BeanTypeRegistry
org.springframework.boot.autoconfigure.context.ConfigurationPropertiesAutoConfiguration
org.springframework.boot.autoconfigure.context.PropertyPlaceholderAutoConfiguration
org.springframework.boot.autoconfigure.http.HttpMessageConvertersAutoConfiguration
org.springframework.boot.autoconfigure.http.HttpMessageConvertersAutoConfiguration$StringHttpMessageConverterConfiguration
org.springframework.boot.autoconfigure.http.JacksonHttpMessageConvertersConfiguration
org.springframework.boot.autoconfigure.http.JacksonHttpMessageConvertersConfiguration$MappingJackson2HttpMessageConverterConfiguration
org.springframework.boot.autoconfigure.http.codec.CodecsAutoConfiguration
org.springframework.boot.autoconfigure.http.codec.CodecsAutoConfiguration$JacksonCodecConfiguration
org.springframework.boot.autoconfigure.info.ProjectInfoAutoConfiguration
org.springframework.boot.autoconfigure.internalCachingMetadataReaderFactory
org.springframework.boot.autoconfigure.jackson.JacksonAutoConfiguration
org.springframework.boot.autoconfigure.jackson.JacksonAutoConfiguration$Jackson2ObjectMapperBuilderCustomizerConfiguration
org.springframework.boot.autoconfigure.jackson.JacksonAutoConfiguration$JacksonObjectMapperBuilderConfiguration
org.springframework.boot.autoconfigure.jackson.JacksonAutoConfiguration$JacksonObjectMapperConfiguration
org.springframework.boot.autoconfigure.jackson.JacksonAutoConfiguration$ParameterNamesModuleConfiguration
org.springframework.boot.autoconfigure.validation.ValidationAutoConfiguration
org.springframework.boot.autoconfigure.web.client.RestTemplateAutoConfiguration
org.springframework.boot.autoconfigure.web.embedded.EmbeddedWebServerFactoryCustomizerAutoConfiguration
org.springframework.boot.autoconfigure.web.embedded.EmbeddedWebServerFactoryCustomizerAutoConfiguration$JettyWebServerFactoryCustomizerConfiguration
org.springframework.boot.autoconfigure.web.embedded.EmbeddedWebServerFactoryCustomizerAutoConfiguration$TomcatWebServerFactoryCustomizerConfiguration
org.springframework.boot.autoconfigure.web.servlet.DispatcherServletAutoConfiguration
org.springframework.boot.autoconfigure.web.servlet.DispatcherServletAutoConfiguration$DispatcherServletConfiguration
org.springframework.boot.autoconfigure.web.servlet.DispatcherServletAutoConfiguration$DispatcherServletRegistrationConfiguration
org.springframework.boot.autoconfigure.web.servlet.HttpEncodingAutoConfiguration
org.springframework.boot.autoconfigure.web.servlet.MultipartAutoConfiguration
org.springframework.boot.autoconfigure.web.servlet.ServletWebServerFactoryAutoConfiguration
org.springframework.boot.autoconfigure.web.servlet.ServletWebServerFactoryConfiguration$EmbeddedTomcat
org.springframework.boot.autoconfigure.web.servlet.WebMvcAutoConfiguration
org.springframework.boot.autoconfigure.web.servlet.WebMvcAutoConfiguration$EnableWebMvcConfiguration
org.springframework.boot.autoconfigure.web.servlet.WebMvcAutoConfiguration$WebMvcAutoConfigurationAdapter
org.springframework.boot.autoconfigure.web.servlet.WebMvcAutoConfiguration$WebMvcAutoConfigurationAdapter$FaviconConfiguration
org.springframework.boot.autoconfigure.web.servlet.error.ErrorMvcAutoConfiguration
org.springframework.boot.autoconfigure.web.servlet.error.ErrorMvcAutoConfiguration$DefaultErrorViewResolverConfiguration
org.springframework.boot.autoconfigure.web.servlet.error.ErrorMvcAutoConfiguration$WhitelabelErrorViewConfiguration
org.springframework.boot.autoconfigure.websocket.servlet.WebSocketServletAutoConfiguration
org.springframework.boot.autoconfigure.websocket.servlet.WebSocketServletAutoConfiguration$TomcatWebSocketConfiguration
org.springframework.boot.context.properties.ConfigurationBeanFactoryMetadata
org.springframework.boot.context.properties.ConfigurationPropertiesBindingPostProcessor
org.springframework.boot.test.autoconfigure.web.servlet.MockMvcAutoConfiguration
org.springframework.boot.test.autoconfigure.web.servlet.MockMvcSecurityAutoConfiguration
org.springframework.boot.test.context.ImportsContextCustomizer$ImportsCleanupPostProcessor
org.springframework.boot.test.mock.mockito.MockitoPostProcessor
org.springframework.boot.test.mock.mockito.MockitoPostProcessor$SpyPostProcessor
org.springframework.context.annotation.internalAutowiredAnnotationProcessor
org.springframework.context.annotation.internalCommonAnnotationProcessor
org.springframework.context.annotation.internalConfigurationAnnotationProcessor
org.springframework.context.annotation.internalRequiredAnnotationProcessor
org.springframework.context.event.internalEventListenerFactory
org.springframework.context.event.internalEventListenerProcessor
parameterNamesModule
pathMappedEndpoints
preserveErrorControllerTargetClassPostProcessor
processorMetrics
propertiesMeterFilter
propertySourcesPlaceholderConfigurer
requestContextFilter
requestMappingHandlerAdapter
requestMappingHandlerMapping
resourceHandlerMapping
restTemplateBuilder
restTemplateTagConfigurer
scheduledTasksEndpoint
server-org.springframework.boot.autoconfigure.web.ServerProperties
servletEndpointDiscoverer
servletEndpointRegistrar
servletExposeExcludePropertyEndpointFilter
servletMappingDescriptionProvider
servletWebChildContextFactory
servletWebServerFactoryCustomizer
simpleConfig
simpleControllerHandlerAdapter
simpleMeterRegistry
spring.http.encoding-org.springframework.boot.autoconfigure.http.HttpEncodingProperties
spring.info-org.springframework.boot.autoconfigure.info.ProjectInfoProperties
spring.jackson-org.springframework.boot.autoconfigure.jackson.JacksonProperties
spring.mvc-org.springframework.boot.autoconfigure.web.servlet.WebMvcProperties
spring.resources-org.springframework.boot.autoconfigure.web.ResourceProperties
spring.servlet.multipart-org.springframework.boot.autoconfigure.web.servlet.MultipartProperties
springBootMockMvcBuilderCustomizer
standardJacksonObjectMapperBuilderCustomizer
stringHttpMessageConverter
tomcatMetrics
tomcatServletWebServerFactory
tomcatServletWebServerFactoryCustomizer
tomcatWebServerFactoryCustomizer
traceRepository
uptimeMetrics
viewControllerHandlerMapping
viewResolver
webEndpointDiscoverer
webEndpointPathMapper
webEndpointServletHandlerMapping
webExposeExcludePropertyEndpointFilter
webMvcMetricsFilter
webMvcTagsProvider
webServerFactoryCustomizerBeanPostProcessor
websocketContainerCustomizer
welcomePageHandlerMapping

MockHttpServletRequest:
      HTTP Method = GET
      Request URI = /
       Parameters = {}
          Headers = {Accept=[application/json]}
             Body = null
    Session Attrs = {}

Handler:
             Type = org.springframework.web.servlet.resource.ResourceHttpRequestHandler

Async:
    Async started = false
     Async result = null

Resolved Exception:
             Type = null

ModelAndView:
        View name = null
             View = null
            Model = null

FlashMap:
       Attributes = null

MockHttpServletResponse:
           Status = 404
    Error message = null
          Headers = {}
     Content type = null
             Body = 
    Forwarded URL = null
   Redirected URL = null
          Cookies = []
]]></system-out>
  </testcase>
</testsuite>